<?xml version="1.0" encoding="utf-8"?>
<CoverageSession xmlns:xsd="http://www.w3.org/2001/XMLSchema" xmlns:xsi="http://www.w3.org/2001/XMLSchema-instance" Version="4.6.0.0">
  <Summary numSequencePoints="712" visitedSequencePoints="110" numBranchPoints="270" visitedBranchPoints="25" sequenceCoverage="15.45" branchCoverage="9.26" maxCyclomaticComplexity="12" minCyclomaticComplexity="1" maxCrapScore="156" minCrapScore="1" visitedClasses="5" numClasses="53" visitedMethods="13" numMethods="118" />
  <Modules>
    <Module hash="EB-99-3A-7C-AB-2E-14-5D-94-6F-F9-77-FA-86-D6-9E-CE-1E-DC-FE">
      <Summary numSequencePoints="210" visitedSequencePoints="32" numBranchPoints="54" visitedBranchPoints="3" sequenceCoverage="15.24" branchCoverage="5.56" maxCyclomaticComplexity="7" minCyclomaticComplexity="1" maxCrapScore="56" minCrapScore="1" visitedClasses="1" numClasses="16" visitedMethods="3" numMethods="50" />
      <ModulePath>C:\Users\Thiago\source\repos\engthiago\OnboxLibrary\Tests\bin\Debug\Tests.dll</ModulePath>
      <ModuleTime>2020-05-04T09:43:52.6669364Z</ModuleTime>
      <ModuleName>Tests</ModuleName>
      <Files>
        <File uid="1" fullPath="C:\Users\Thiago\source\repos\engthiago\OnboxLibrary\Tests\Json\JsonServiceShould.cs" />
        <File uid="2" fullPath="C:\Users\Thiago\source\repos\engthiago\OnboxLibrary\Tests\Di\ContainerShould.cs" />
        <File uid="12" fullPath="C:\Users\Thiago\source\repos\engthiago\OnboxLibrary\Tests\Core\HttpShould.cs" />
        <File uid="17" fullPath="C:\Users\Thiago\source\repos\engthiago\OnboxLibrary\Tests\Core\MapperShould.cs" />
      </Files>
      <Classes>
        <Class>
          <Summary numSequencePoints="0" visitedSequencePoints="0" numBranchPoints="0" visitedBranchPoints="0" sequenceCoverage="0" branchCoverage="0" maxCyclomaticComplexity="7" minCyclomaticComplexity="1" maxCrapScore="56" minCrapScore="2" visitedClasses="0" numClasses="0" visitedMethods="0" numMethods="0" />
          <FullName>&lt;&gt;f__AnonymousType0`3</FullName>
          <Methods>
            <Method visited="false" cyclomaticComplexity="1" nPathComplexity="0" sequenceCoverage="0" branchCoverage="0" crapScore="2" isConstructor="false" isStatic="false" isGetter="true" isSetter="false">
              <Summary numSequencePoints="0" visitedSequencePoints="0" numBranchPoints="0" visitedBranchPoints="0" sequenceCoverage="0" branchCoverage="0" maxCyclomaticComplexity="1" minCyclomaticComplexity="1" maxCrapScore="2" minCrapScore="2" visitedClasses="0" numClasses="0" visitedMethods="0" numMethods="0" />
              <MetadataToken>100663297</MetadataToken>
              <Name>&lt;name&gt;j__TPar &lt;&gt;f__AnonymousType0`3::get_name()</Name>
              <SequencePoints />
              <BranchPoints />
              <MethodPoint vc="0" uspid="1" ordinal="0" offset="0" />
            </Method>
            <Method visited="false" cyclomaticComplexity="1" nPathComplexity="0" sequenceCoverage="0" branchCoverage="0" crapScore="2" isConstructor="false" isStatic="false" isGetter="true" isSetter="false">
              <Summary numSequencePoints="0" visitedSequencePoints="0" numBranchPoints="0" visitedBranchPoints="0" sequenceCoverage="0" branchCoverage="0" maxCyclomaticComplexity="1" minCyclomaticComplexity="1" maxCrapScore="2" minCrapScore="2" visitedClasses="0" numClasses="0" visitedMethods="0" numMethods="0" />
              <MetadataToken>100663298</MetadataToken>
              <Name>&lt;lastName&gt;j__TPar &lt;&gt;f__AnonymousType0`3::get_lastName()</Name>
              <SequencePoints />
              <BranchPoints />
              <MethodPoint vc="0" uspid="2" ordinal="0" offset="0" />
            </Method>
            <Method visited="false" cyclomaticComplexity="1" nPathComplexity="0" sequenceCoverage="0" branchCoverage="0" crapScore="2" isConstructor="false" isStatic="false" isGetter="true" isSetter="false">
              <Summary numSequencePoints="0" visitedSequencePoints="0" numBranchPoints="0" visitedBranchPoints="0" sequenceCoverage="0" branchCoverage="0" maxCyclomaticComplexity="1" minCyclomaticComplexity="1" maxCrapScore="2" minCrapScore="2" visitedClasses="0" numClasses="0" visitedMethods="0" numMethods="0" />
              <MetadataToken>100663299</MetadataToken>
              <Name>&lt;devs&gt;j__TPar &lt;&gt;f__AnonymousType0`3::get_devs()</Name>
              <SequencePoints />
              <BranchPoints />
              <MethodPoint vc="0" uspid="3" ordinal="0" offset="0" />
            </Method>
            <Method visited="false" cyclomaticComplexity="1" nPathComplexity="0" sequenceCoverage="0" branchCoverage="0" crapScore="2" isConstructor="true" isStatic="false" isGetter="false" isSetter="false">
              <Summary numSequencePoints="0" visitedSequencePoints="0" numBranchPoints="0" visitedBranchPoints="0" sequenceCoverage="0" branchCoverage="0" maxCyclomaticComplexity="1" minCyclomaticComplexity="1" maxCrapScore="2" minCrapScore="2" visitedClasses="0" numClasses="0" visitedMethods="0" numMethods="0" />
              <MetadataToken>100663300</MetadataToken>
              <Name>System.Void &lt;&gt;f__AnonymousType0`3::.ctor(&lt;name&gt;j__TPar,&lt;lastName&gt;j__TPar,&lt;devs&gt;j__TPar)</Name>
              <SequencePoints />
              <BranchPoints />
              <MethodPoint vc="0" uspid="4" ordinal="0" offset="0" />
            </Method>
            <Method visited="false" cyclomaticComplexity="4" nPathComplexity="0" sequenceCoverage="0" branchCoverage="0" crapScore="20" isConstructor="false" isStatic="false" isGetter="false" isSetter="false">
              <Summary numSequencePoints="0" visitedSequencePoints="0" numBranchPoints="0" visitedBranchPoints="0" sequenceCoverage="0" branchCoverage="0" maxCyclomaticComplexity="4" minCyclomaticComplexity="4" maxCrapScore="20" minCrapScore="20" visitedClasses="0" numClasses="0" visitedMethods="0" numMethods="0" />
              <MetadataToken>100663301</MetadataToken>
              <Name>System.Boolean &lt;&gt;f__AnonymousType0`3::Equals(System.Object)</Name>
              <SequencePoints />
              <BranchPoints />
              <MethodPoint vc="0" uspid="5" ordinal="0" offset="0" />
            </Method>
            <Method visited="false" cyclomaticComplexity="1" nPathComplexity="0" sequenceCoverage="0" branchCoverage="0" crapScore="2" isConstructor="false" isStatic="false" isGetter="false" isSetter="false">
              <Summary numSequencePoints="0" visitedSequencePoints="0" numBranchPoints="0" visitedBranchPoints="0" sequenceCoverage="0" branchCoverage="0" maxCyclomaticComplexity="1" minCyclomaticComplexity="1" maxCrapScore="2" minCrapScore="2" visitedClasses="0" numClasses="0" visitedMethods="0" numMethods="0" />
              <MetadataToken>100663302</MetadataToken>
              <Name>System.Int32 &lt;&gt;f__AnonymousType0`3::GetHashCode()</Name>
              <SequencePoints />
              <BranchPoints />
              <MethodPoint vc="0" uspid="6" ordinal="0" offset="0" />
            </Method>
            <Method visited="false" cyclomaticComplexity="7" nPathComplexity="0" sequenceCoverage="0" branchCoverage="0" crapScore="56" isConstructor="false" isStatic="false" isGetter="false" isSetter="false">
              <Summary numSequencePoints="0" visitedSequencePoints="0" numBranchPoints="0" visitedBranchPoints="0" sequenceCoverage="0" branchCoverage="0" maxCyclomaticComplexity="7" minCyclomaticComplexity="7" maxCrapScore="56" minCrapScore="56" visitedClasses="0" numClasses="0" visitedMethods="0" numMethods="0" />
              <MetadataToken>100663303</MetadataToken>
              <Name>System.String &lt;&gt;f__AnonymousType0`3::ToString()</Name>
              <SequencePoints />
              <BranchPoints />
              <MethodPoint vc="0" uspid="7" ordinal="0" offset="0" />
            </Method>
          </Methods>
        </Class>
        <Class>
          <Summary numSequencePoints="13" visitedSequencePoints="0" numBranchPoints="3" visitedBranchPoints="0" sequenceCoverage="0" branchCoverage="0" maxCyclomaticComplexity="1" minCyclomaticComplexity="1" maxCrapScore="2" minCrapScore="2" visitedClasses="0" numClasses="1" visitedMethods="0" numMethods="3" />
          <FullName>Json.JsonServiceShould</FullName>
          <Methods>
            <Method visited="false" cyclomaticComplexity="1" nPathComplexity="0" sequenceCoverage="0" branchCoverage="0" crapScore="2" isConstructor="false" isStatic="false" isGetter="false" isSetter="false">
              <Summary numSequencePoints="4" visitedSequencePoints="0" numBranchPoints="1" visitedBranchPoints="0" sequenceCoverage="0" branchCoverage="0" maxCyclomaticComplexity="1" minCyclomaticComplexity="1" maxCrapScore="2" minCrapScore="2" visitedClasses="0" numClasses="0" visitedMethods="0" numMethods="1" />
              <MetadataToken>100663304</MetadataToken>
              <Name>System.Void Json.JsonServiceShould::Setup()</Name>
              <FileRef uid="1" />
              <SequencePoints>
                <SequencePoint vc="0" uspid="8" ordinal="0" offset="0" sl="20" sc="9" el="20" ec="10" bec="0" bev="0" fileid="1" />
                <SequencePoint vc="0" uspid="9" ordinal="1" offset="1" sl="21" sc="13" el="21" ec="94" bec="0" bev="0" fileid="1" />
                <SequencePoint vc="0" uspid="10" ordinal="2" offset="17" sl="22" sc="13" el="22" ec="79" bec="0" bev="0" fileid="1" />
                <SequencePoint vc="0" uspid="11" ordinal="3" offset="33" sl="23" sc="9" el="23" ec="10" bec="0" bev="0" fileid="1" />
              </SequencePoints>
              <BranchPoints />
              <MethodPoint xsi:type="SequencePoint" vc="0" uspid="8" ordinal="0" offset="0" sl="20" sc="9" el="20" ec="10" bec="0" bev="0" fileid="1" />
            </Method>
            <Method visited="false" cyclomaticComplexity="1" nPathComplexity="0" sequenceCoverage="0" branchCoverage="0" crapScore="2" isConstructor="false" isStatic="false" isGetter="false" isSetter="false">
              <Summary numSequencePoints="4" visitedSequencePoints="0" numBranchPoints="1" visitedBranchPoints="0" sequenceCoverage="0" branchCoverage="0" maxCyclomaticComplexity="1" minCyclomaticComplexity="1" maxCrapScore="2" minCrapScore="2" visitedClasses="0" numClasses="0" visitedMethods="0" numMethods="1" />
              <MetadataToken>100663305</MetadataToken>
              <Name>System.Void Json.JsonServiceShould::DeserializeJson()</Name>
              <FileRef uid="1" />
              <SequencePoints>
                <SequencePoint vc="0" uspid="12" ordinal="0" offset="0" sl="27" sc="9" el="27" ec="10" bec="0" bev="0" fileid="1" />
                <SequencePoint vc="0" uspid="13" ordinal="1" offset="1" sl="28" sc="13" el="28" ec="83" bec="0" bev="0" fileid="1" />
                <SequencePoint vc="0" uspid="14" ordinal="2" offset="19" sl="29" sc="13" el="29" ec="47" bec="0" bev="0" fileid="1" />
                <SequencePoint vc="0" uspid="15" ordinal="3" offset="36" sl="30" sc="9" el="30" ec="10" bec="0" bev="0" fileid="1" />
              </SequencePoints>
              <BranchPoints />
              <MethodPoint xsi:type="SequencePoint" vc="0" uspid="12" ordinal="0" offset="0" sl="27" sc="9" el="27" ec="10" bec="0" bev="0" fileid="1" />
            </Method>
            <Method visited="false" cyclomaticComplexity="1" nPathComplexity="0" sequenceCoverage="0" branchCoverage="0" crapScore="2" isConstructor="false" isStatic="false" isGetter="false" isSetter="false">
              <Summary numSequencePoints="5" visitedSequencePoints="0" numBranchPoints="1" visitedBranchPoints="0" sequenceCoverage="0" branchCoverage="0" maxCyclomaticComplexity="1" minCyclomaticComplexity="1" maxCrapScore="2" minCrapScore="2" visitedClasses="0" numClasses="0" visitedMethods="0" numMethods="1" />
              <MetadataToken>100663306</MetadataToken>
              <Name>System.Void Json.JsonServiceShould::SerializeJson()</Name>
              <FileRef uid="1" />
              <SequencePoints>
                <SequencePoint vc="0" uspid="16" ordinal="0" offset="0" sl="34" sc="9" el="34" ec="10" bec="0" bev="0" fileid="1" />
                <SequencePoint vc="0" uspid="17" ordinal="1" offset="1" sl="35" sc="13" el="43" ec="15" bec="0" bev="0" fileid="1" />
                <SequencePoint vc="0" uspid="18" ordinal="2" offset="47" sl="45" sc="13" el="45" ec="66" bec="0" bev="0" fileid="1" />
                <SequencePoint vc="0" uspid="19" ordinal="3" offset="60" sl="46" sc="13" el="49" ec="62" bec="0" bev="0" fileid="1" />
                <SequencePoint vc="0" uspid="20" ordinal="4" offset="117" sl="50" sc="9" el="50" ec="10" bec="0" bev="0" fileid="1" />
              </SequencePoints>
              <BranchPoints />
              <MethodPoint xsi:type="SequencePoint" vc="0" uspid="16" ordinal="0" offset="0" sl="34" sc="9" el="34" ec="10" bec="0" bev="0" fileid="1" />
            </Method>
            <Method visited="false" cyclomaticComplexity="1" nPathComplexity="0" sequenceCoverage="0" branchCoverage="0" crapScore="2" isConstructor="true" isStatic="false" isGetter="false" isSetter="false">
              <Summary numSequencePoints="0" visitedSequencePoints="0" numBranchPoints="0" visitedBranchPoints="0" sequenceCoverage="0" branchCoverage="0" maxCyclomaticComplexity="1" minCyclomaticComplexity="1" maxCrapScore="2" minCrapScore="2" visitedClasses="0" numClasses="0" visitedMethods="0" numMethods="0" />
              <MetadataToken>100663307</MetadataToken>
              <Name>System.Void Json.JsonServiceShould::.ctor()</Name>
              <SequencePoints />
              <BranchPoints />
              <MethodPoint vc="0" uspid="21" ordinal="0" offset="0" />
            </Method>
          </Methods>
        </Class>
        <Class>
          <Summary numSequencePoints="0" visitedSequencePoints="0" numBranchPoints="0" visitedBranchPoints="0" sequenceCoverage="0" branchCoverage="0" maxCyclomaticComplexity="1" minCyclomaticComplexity="1" maxCrapScore="2" minCrapScore="2" visitedClasses="0" numClasses="0" visitedMethods="0" numMethods="0" />
          <FullName>Di.TestClass</FullName>
          <Methods>
            <Method skippedDueTo="AutoImplementedProperty" visited="false" cyclomaticComplexity="1" nPathComplexity="0" sequenceCoverage="0" branchCoverage="0" crapScore="0" isConstructor="false" isStatic="false" isGetter="true" isSetter="false">
              <MetadataToken>100663308</MetadataToken>
              <Name>System.String Di.TestClass::get_Name()</Name>
              <FileRef uid="2" />
              <SequencePoints />
              <BranchPoints />
            </Method>
            <Method skippedDueTo="AutoImplementedProperty" visited="false" cyclomaticComplexity="1" nPathComplexity="0" sequenceCoverage="0" branchCoverage="0" crapScore="0" isConstructor="false" isStatic="false" isGetter="false" isSetter="true">
              <MetadataToken>100663309</MetadataToken>
              <Name>System.Void Di.TestClass::set_Name(System.String)</Name>
              <FileRef uid="2" />
              <SequencePoints />
              <BranchPoints />
            </Method>
            <Method visited="false" cyclomaticComplexity="1" nPathComplexity="0" sequenceCoverage="0" branchCoverage="0" crapScore="2" isConstructor="true" isStatic="false" isGetter="false" isSetter="false">
              <Summary numSequencePoints="0" visitedSequencePoints="0" numBranchPoints="0" visitedBranchPoints="0" sequenceCoverage="0" branchCoverage="0" maxCyclomaticComplexity="1" minCyclomaticComplexity="1" maxCrapScore="2" minCrapScore="2" visitedClasses="0" numClasses="0" visitedMethods="0" numMethods="0" />
              <MetadataToken>100663310</MetadataToken>
              <Name>System.Void Di.TestClass::.ctor()</Name>
              <SequencePoints />
              <BranchPoints />
              <MethodPoint vc="0" uspid="22" ordinal="0" offset="0" />
            </Method>
          </Methods>
        </Class>
        <Class>
          <Summary numSequencePoints="0" visitedSequencePoints="0" numBranchPoints="0" visitedBranchPoints="0" sequenceCoverage="0" branchCoverage="0" maxCyclomaticComplexity="1" minCyclomaticComplexity="1" maxCrapScore="2" minCrapScore="2" visitedClasses="0" numClasses="0" visitedMethods="0" numMethods="0" />
          <FullName>Di.TestAbstract</FullName>
          <Methods>
            <Method visited="false" cyclomaticComplexity="1" nPathComplexity="0" sequenceCoverage="0" branchCoverage="0" crapScore="2" isConstructor="true" isStatic="false" isGetter="false" isSetter="false">
              <Summary numSequencePoints="0" visitedSequencePoints="0" numBranchPoints="0" visitedBranchPoints="0" sequenceCoverage="0" branchCoverage="0" maxCyclomaticComplexity="1" minCyclomaticComplexity="1" maxCrapScore="2" minCrapScore="2" visitedClasses="0" numClasses="0" visitedMethods="0" numMethods="0" />
              <MetadataToken>100663311</MetadataToken>
              <Name>System.Void Di.TestAbstract::.ctor()</Name>
              <SequencePoints />
              <BranchPoints />
              <MethodPoint vc="0" uspid="23" ordinal="0" offset="0" />
            </Method>
          </Methods>
        </Class>
        <Class>
          <Summary numSequencePoints="3" visitedSequencePoints="0" numBranchPoints="1" visitedBranchPoints="0" sequenceCoverage="0" branchCoverage="0" maxCyclomaticComplexity="1" minCyclomaticComplexity="1" maxCrapScore="2" minCrapScore="2" visitedClasses="0" numClasses="1" visitedMethods="0" numMethods="1" />
          <FullName>Di.CircularSelfDependency</FullName>
          <Methods>
            <Method visited="false" cyclomaticComplexity="1" nPathComplexity="0" sequenceCoverage="0" branchCoverage="0" crapScore="2" isConstructor="true" isStatic="false" isGetter="false" isSetter="false">
              <Summary numSequencePoints="3" visitedSequencePoints="0" numBranchPoints="1" visitedBranchPoints="0" sequenceCoverage="0" branchCoverage="0" maxCyclomaticComplexity="1" minCyclomaticComplexity="1" maxCrapScore="2" minCrapScore="2" visitedClasses="0" numClasses="0" visitedMethods="0" numMethods="1" />
              <MetadataToken>100663312</MetadataToken>
              <Name>System.Void Di.CircularSelfDependency::.ctor(Di.CircularSelfDependency)</Name>
              <FileRef uid="2" />
              <SequencePoints>
                <SequencePoint vc="0" uspid="24" ordinal="0" offset="0" sl="27" sc="9" el="27" ec="85" bec="0" bev="0" fileid="2" />
                <SequencePoint vc="0" uspid="25" ordinal="1" offset="7" sl="28" sc="9" el="28" ec="10" bec="0" bev="0" fileid="2" />
                <SequencePoint vc="0" uspid="26" ordinal="2" offset="8" sl="29" sc="9" el="29" ec="10" bec="0" bev="0" fileid="2" />
              </SequencePoints>
              <BranchPoints />
              <MethodPoint xsi:type="SequencePoint" vc="0" uspid="24" ordinal="0" offset="0" sl="27" sc="9" el="27" ec="85" bec="0" bev="0" fileid="2" />
            </Method>
          </Methods>
        </Class>
        <Class>
          <Summary numSequencePoints="3" visitedSequencePoints="0" numBranchPoints="1" visitedBranchPoints="0" sequenceCoverage="0" branchCoverage="0" maxCyclomaticComplexity="1" minCyclomaticComplexity="1" maxCrapScore="2" minCrapScore="2" visitedClasses="0" numClasses="1" visitedMethods="0" numMethods="1" />
          <FullName>Di.CircularDependencyMain</FullName>
          <Methods>
            <Method visited="false" cyclomaticComplexity="1" nPathComplexity="0" sequenceCoverage="0" branchCoverage="0" crapScore="2" isConstructor="true" isStatic="false" isGetter="false" isSetter="false">
              <Summary numSequencePoints="3" visitedSequencePoints="0" numBranchPoints="1" visitedBranchPoints="0" sequenceCoverage="0" branchCoverage="0" maxCyclomaticComplexity="1" minCyclomaticComplexity="1" maxCrapScore="2" minCrapScore="2" visitedClasses="0" numClasses="0" visitedMethods="0" numMethods="1" />
              <MetadataToken>100663313</MetadataToken>
              <Name>System.Void Di.CircularDependencyMain::.ctor(Di.CircularDependencyNested)</Name>
              <FileRef uid="2" />
              <SequencePoints>
                <SequencePoint vc="0" uspid="27" ordinal="0" offset="0" sl="34" sc="9" el="34" ec="76" bec="0" bev="0" fileid="2" />
                <SequencePoint vc="0" uspid="28" ordinal="1" offset="7" sl="35" sc="9" el="35" ec="10" bec="0" bev="0" fileid="2" />
                <SequencePoint vc="0" uspid="29" ordinal="2" offset="8" sl="37" sc="9" el="37" ec="10" bec="0" bev="0" fileid="2" />
              </SequencePoints>
              <BranchPoints />
              <MethodPoint xsi:type="SequencePoint" vc="0" uspid="27" ordinal="0" offset="0" sl="34" sc="9" el="34" ec="76" bec="0" bev="0" fileid="2" />
            </Method>
          </Methods>
        </Class>
        <Class>
          <Summary numSequencePoints="3" visitedSequencePoints="0" numBranchPoints="1" visitedBranchPoints="0" sequenceCoverage="0" branchCoverage="0" maxCyclomaticComplexity="1" minCyclomaticComplexity="1" maxCrapScore="2" minCrapScore="2" visitedClasses="0" numClasses="1" visitedMethods="0" numMethods="1" />
          <FullName>Di.CircularDependencyNested</FullName>
          <Methods>
            <Method visited="false" cyclomaticComplexity="1" nPathComplexity="0" sequenceCoverage="0" branchCoverage="0" crapScore="2" isConstructor="true" isStatic="false" isGetter="false" isSetter="false">
              <Summary numSequencePoints="3" visitedSequencePoints="0" numBranchPoints="1" visitedBranchPoints="0" sequenceCoverage="0" branchCoverage="0" maxCyclomaticComplexity="1" minCyclomaticComplexity="1" maxCrapScore="2" minCrapScore="2" visitedClasses="0" numClasses="0" visitedMethods="0" numMethods="1" />
              <MetadataToken>100663314</MetadataToken>
              <Name>System.Void Di.CircularDependencyNested::.ctor(Di.CircularDependencyMain)</Name>
              <FileRef uid="2" />
              <SequencePoints>
                <SequencePoint vc="0" uspid="30" ordinal="0" offset="0" sl="42" sc="9" el="42" ec="74" bec="0" bev="0" fileid="2" />
                <SequencePoint vc="0" uspid="31" ordinal="1" offset="7" sl="43" sc="9" el="43" ec="10" bec="0" bev="0" fileid="2" />
                <SequencePoint vc="0" uspid="32" ordinal="2" offset="8" sl="45" sc="9" el="45" ec="10" bec="0" bev="0" fileid="2" />
              </SequencePoints>
              <BranchPoints />
              <MethodPoint xsi:type="SequencePoint" vc="0" uspid="30" ordinal="0" offset="0" sl="42" sc="9" el="42" ec="74" bec="0" bev="0" fileid="2" />
            </Method>
          </Methods>
        </Class>
        <Class>
          <Summary numSequencePoints="3" visitedSequencePoints="0" numBranchPoints="1" visitedBranchPoints="0" sequenceCoverage="0" branchCoverage="0" maxCyclomaticComplexity="1" minCyclomaticComplexity="1" maxCrapScore="2" minCrapScore="2" visitedClasses="0" numClasses="1" visitedMethods="0" numMethods="1" />
          <FullName>Di.NoConstructorClass</FullName>
          <Methods>
            <Method visited="false" cyclomaticComplexity="1" nPathComplexity="0" sequenceCoverage="0" branchCoverage="0" crapScore="2" isConstructor="true" isStatic="false" isGetter="false" isSetter="false">
              <Summary numSequencePoints="3" visitedSequencePoints="0" numBranchPoints="1" visitedBranchPoints="0" sequenceCoverage="0" branchCoverage="0" maxCyclomaticComplexity="1" minCyclomaticComplexity="1" maxCrapScore="2" minCrapScore="2" visitedClasses="0" numClasses="0" visitedMethods="0" numMethods="1" />
              <MetadataToken>100663315</MetadataToken>
              <Name>System.Void Di.NoConstructorClass::.ctor()</Name>
              <FileRef uid="2" />
              <SequencePoints>
                <SequencePoint vc="0" uspid="33" ordinal="0" offset="0" sl="50" sc="9" el="50" ec="37" bec="0" bev="0" fileid="2" />
                <SequencePoint vc="0" uspid="34" ordinal="1" offset="7" sl="51" sc="9" el="51" ec="10" bec="0" bev="0" fileid="2" />
                <SequencePoint vc="0" uspid="35" ordinal="2" offset="8" sl="52" sc="9" el="52" ec="10" bec="0" bev="0" fileid="2" />
              </SequencePoints>
              <BranchPoints />
              <MethodPoint xsi:type="SequencePoint" vc="0" uspid="33" ordinal="0" offset="0" sl="50" sc="9" el="50" ec="37" bec="0" bev="0" fileid="2" />
            </Method>
          </Methods>
        </Class>
        <Class>
          <Summary numSequencePoints="0" visitedSequencePoints="0" numBranchPoints="0" visitedBranchPoints="0" sequenceCoverage="0" branchCoverage="0" maxCyclomaticComplexity="1" minCyclomaticComplexity="1" maxCrapScore="2" minCrapScore="2" visitedClasses="0" numClasses="0" visitedMethods="0" numMethods="0" />
          <FullName>Di.SimpleConstructorClass</FullName>
          <Methods>
            <Method visited="false" cyclomaticComplexity="1" nPathComplexity="0" sequenceCoverage="0" branchCoverage="0" crapScore="2" isConstructor="true" isStatic="false" isGetter="false" isSetter="false">
              <Summary numSequencePoints="0" visitedSequencePoints="0" numBranchPoints="0" visitedBranchPoints="0" sequenceCoverage="0" branchCoverage="0" maxCyclomaticComplexity="1" minCyclomaticComplexity="1" maxCrapScore="2" minCrapScore="2" visitedClasses="0" numClasses="0" visitedMethods="0" numMethods="0" />
              <MetadataToken>100663316</MetadataToken>
              <Name>System.Void Di.SimpleConstructorClass::.ctor()</Name>
              <SequencePoints />
              <BranchPoints />
              <MethodPoint vc="0" uspid="36" ordinal="0" offset="0" />
            </Method>
          </Methods>
        </Class>
        <Class>
          <Summary numSequencePoints="3" visitedSequencePoints="0" numBranchPoints="1" visitedBranchPoints="0" sequenceCoverage="0" branchCoverage="0" maxCyclomaticComplexity="1" minCyclomaticComplexity="1" maxCrapScore="2" minCrapScore="2" visitedClasses="0" numClasses="1" visitedMethods="0" numMethods="1" />
          <FullName>Di.ConstructorWithDependencies</FullName>
          <Methods>
            <Method visited="false" cyclomaticComplexity="1" nPathComplexity="0" sequenceCoverage="0" branchCoverage="0" crapScore="2" isConstructor="true" isStatic="false" isGetter="false" isSetter="false">
              <Summary numSequencePoints="3" visitedSequencePoints="0" numBranchPoints="1" visitedBranchPoints="0" sequenceCoverage="0" branchCoverage="0" maxCyclomaticComplexity="1" minCyclomaticComplexity="1" maxCrapScore="2" minCrapScore="2" visitedClasses="0" numClasses="0" visitedMethods="0" numMethods="1" />
              <MetadataToken>100663317</MetadataToken>
              <Name>System.Void Di.ConstructorWithDependencies::.ctor(Di.SimpleConstructorClass)</Name>
              <FileRef uid="2" />
              <SequencePoints>
                <SequencePoint vc="0" uspid="37" ordinal="0" offset="0" sl="61" sc="9" el="61" ec="90" bec="0" bev="0" fileid="2" />
                <SequencePoint vc="0" uspid="38" ordinal="1" offset="7" sl="62" sc="9" el="62" ec="10" bec="0" bev="0" fileid="2" />
                <SequencePoint vc="0" uspid="39" ordinal="2" offset="8" sl="63" sc="9" el="63" ec="10" bec="0" bev="0" fileid="2" />
              </SequencePoints>
              <BranchPoints />
              <MethodPoint xsi:type="SequencePoint" vc="0" uspid="37" ordinal="0" offset="0" sl="61" sc="9" el="61" ec="90" bec="0" bev="0" fileid="2" />
            </Method>
          </Methods>
        </Class>
        <Class>
          <Summary numSequencePoints="3" visitedSequencePoints="0" numBranchPoints="1" visitedBranchPoints="0" sequenceCoverage="0" branchCoverage="0" maxCyclomaticComplexity="1" minCyclomaticComplexity="1" maxCrapScore="2" minCrapScore="2" visitedClasses="0" numClasses="1" visitedMethods="0" numMethods="1" />
          <FullName>Di.SiteService</FullName>
          <Methods>
            <Method visited="false" cyclomaticComplexity="1" nPathComplexity="0" sequenceCoverage="0" branchCoverage="0" crapScore="2" isConstructor="true" isStatic="false" isGetter="false" isSetter="false">
              <Summary numSequencePoints="3" visitedSequencePoints="0" numBranchPoints="1" visitedBranchPoints="0" sequenceCoverage="0" branchCoverage="0" maxCyclomaticComplexity="1" minCyclomaticComplexity="1" maxCrapScore="2" minCrapScore="2" visitedClasses="0" numClasses="0" visitedMethods="0" numMethods="1" />
              <MetadataToken>100663318</MetadataToken>
              <Name>System.Void Di.SiteService::.ctor(Di.CoordinateService,Di.DetailsService)</Name>
              <FileRef uid="2" />
              <SequencePoints>
                <SequencePoint vc="0" uspid="40" ordinal="0" offset="0" sl="68" sc="9" el="68" ec="95" bec="0" bev="0" fileid="2" />
                <SequencePoint vc="0" uspid="41" ordinal="1" offset="7" sl="69" sc="9" el="69" ec="10" bec="0" bev="0" fileid="2" />
                <SequencePoint vc="0" uspid="42" ordinal="2" offset="8" sl="71" sc="9" el="71" ec="10" bec="0" bev="0" fileid="2" />
              </SequencePoints>
              <BranchPoints />
              <MethodPoint xsi:type="SequencePoint" vc="0" uspid="40" ordinal="0" offset="0" sl="68" sc="9" el="68" ec="95" bec="0" bev="0" fileid="2" />
            </Method>
          </Methods>
        </Class>
        <Class>
          <Summary numSequencePoints="3" visitedSequencePoints="0" numBranchPoints="1" visitedBranchPoints="0" sequenceCoverage="0" branchCoverage="0" maxCyclomaticComplexity="1" minCyclomaticComplexity="1" maxCrapScore="2" minCrapScore="2" visitedClasses="0" numClasses="1" visitedMethods="0" numMethods="1" />
          <FullName>Di.CoordinateService</FullName>
          <Methods>
            <Method visited="false" cyclomaticComplexity="1" nPathComplexity="0" sequenceCoverage="0" branchCoverage="0" crapScore="2" isConstructor="true" isStatic="false" isGetter="false" isSetter="false">
              <Summary numSequencePoints="3" visitedSequencePoints="0" numBranchPoints="1" visitedBranchPoints="0" sequenceCoverage="0" branchCoverage="0" maxCyclomaticComplexity="1" minCyclomaticComplexity="1" maxCrapScore="2" minCrapScore="2" visitedClasses="0" numClasses="0" visitedMethods="0" numMethods="1" />
              <MetadataToken>100663319</MetadataToken>
              <Name>System.Void Di.CoordinateService::.ctor(Di.AngleService,Di.GlobeService)</Name>
              <FileRef uid="2" />
              <SequencePoints>
                <SequencePoint vc="0" uspid="43" ordinal="0" offset="0" sl="76" sc="9" el="76" ec="87" bec="0" bev="0" fileid="2" />
                <SequencePoint vc="0" uspid="44" ordinal="1" offset="7" sl="77" sc="9" el="77" ec="10" bec="0" bev="0" fileid="2" />
                <SequencePoint vc="0" uspid="45" ordinal="2" offset="8" sl="79" sc="9" el="79" ec="10" bec="0" bev="0" fileid="2" />
              </SequencePoints>
              <BranchPoints />
              <MethodPoint xsi:type="SequencePoint" vc="0" uspid="43" ordinal="0" offset="0" sl="76" sc="9" el="76" ec="87" bec="0" bev="0" fileid="2" />
            </Method>
          </Methods>
        </Class>
        <Class>
          <Summary numSequencePoints="0" visitedSequencePoints="0" numBranchPoints="0" visitedBranchPoints="0" sequenceCoverage="0" branchCoverage="0" maxCyclomaticComplexity="1" minCyclomaticComplexity="1" maxCrapScore="2" minCrapScore="2" visitedClasses="0" numClasses="0" visitedMethods="0" numMethods="0" />
          <FullName>Di.AngleService</FullName>
          <Methods>
            <Method visited="false" cyclomaticComplexity="1" nPathComplexity="0" sequenceCoverage="0" branchCoverage="0" crapScore="2" isConstructor="true" isStatic="false" isGetter="false" isSetter="false">
              <Summary numSequencePoints="0" visitedSequencePoints="0" numBranchPoints="0" visitedBranchPoints="0" sequenceCoverage="0" branchCoverage="0" maxCyclomaticComplexity="1" minCyclomaticComplexity="1" maxCrapScore="2" minCrapScore="2" visitedClasses="0" numClasses="0" visitedMethods="0" numMethods="0" />
              <MetadataToken>100663320</MetadataToken>
              <Name>System.Void Di.AngleService::.ctor()</Name>
              <SequencePoints />
              <BranchPoints />
              <MethodPoint vc="0" uspid="46" ordinal="0" offset="0" />
            </Method>
          </Methods>
        </Class>
        <Class>
          <Summary numSequencePoints="0" visitedSequencePoints="0" numBranchPoints="0" visitedBranchPoints="0" sequenceCoverage="0" branchCoverage="0" maxCyclomaticComplexity="1" minCyclomaticComplexity="1" maxCrapScore="2" minCrapScore="2" visitedClasses="0" numClasses="0" visitedMethods="0" numMethods="0" />
          <FullName>Di.GlobeService</FullName>
          <Methods>
            <Method visited="false" cyclomaticComplexity="1" nPathComplexity="0" sequenceCoverage="0" branchCoverage="0" crapScore="2" isConstructor="true" isStatic="false" isGetter="false" isSetter="false">
              <Summary numSequencePoints="0" visitedSequencePoints="0" numBranchPoints="0" visitedBranchPoints="0" sequenceCoverage="0" branchCoverage="0" maxCyclomaticComplexity="1" minCyclomaticComplexity="1" maxCrapScore="2" minCrapScore="2" visitedClasses="0" numClasses="0" visitedMethods="0" numMethods="0" />
              <MetadataToken>100663321</MetadataToken>
              <Name>System.Void Di.GlobeService::.ctor()</Name>
              <SequencePoints />
              <BranchPoints />
              <MethodPoint vc="0" uspid="47" ordinal="0" offset="0" />
            </Method>
          </Methods>
        </Class>
        <Class>
          <Summary numSequencePoints="3" visitedSequencePoints="0" numBranchPoints="1" visitedBranchPoints="0" sequenceCoverage="0" branchCoverage="0" maxCyclomaticComplexity="1" minCyclomaticComplexity="1" maxCrapScore="2" minCrapScore="2" visitedClasses="0" numClasses="1" visitedMethods="0" numMethods="1" />
          <FullName>Di.DetailsService</FullName>
          <Methods>
            <Method visited="false" cyclomaticComplexity="1" nPathComplexity="0" sequenceCoverage="0" branchCoverage="0" crapScore="2" isConstructor="true" isStatic="false" isGetter="false" isSetter="false">
              <Summary numSequencePoints="3" visitedSequencePoints="0" numBranchPoints="1" visitedBranchPoints="0" sequenceCoverage="0" branchCoverage="0" maxCyclomaticComplexity="1" minCyclomaticComplexity="1" maxCrapScore="2" minCrapScore="2" visitedClasses="0" numClasses="0" visitedMethods="0" numMethods="1" />
              <MetadataToken>100663322</MetadataToken>
              <Name>System.Void Di.DetailsService::.ctor(Di.CoordinateService)</Name>
              <FileRef uid="2" />
              <SequencePoints>
                <SequencePoint vc="0" uspid="48" ordinal="0" offset="0" sl="92" sc="9" el="92" ec="67" bec="0" bev="0" fileid="2" />
                <SequencePoint vc="0" uspid="49" ordinal="1" offset="7" sl="93" sc="9" el="93" ec="10" bec="0" bev="0" fileid="2" />
                <SequencePoint vc="0" uspid="50" ordinal="2" offset="8" sl="94" sc="9" el="94" ec="10" bec="0" bev="0" fileid="2" />
              </SequencePoints>
              <BranchPoints />
              <MethodPoint xsi:type="SequencePoint" vc="0" uspid="48" ordinal="0" offset="0" sl="92" sc="9" el="92" ec="67" bec="0" bev="0" fileid="2" />
            </Method>
          </Methods>
        </Class>
        <Class>
          <Summary numSequencePoints="108" visitedSequencePoints="0" numBranchPoints="33" visitedBranchPoints="0" sequenceCoverage="0" branchCoverage="0" maxCyclomaticComplexity="3" minCyclomaticComplexity="1" maxCrapScore="12" minCrapScore="2" visitedClasses="0" numClasses="1" visitedMethods="0" numMethods="31" />
          <FullName>Di.ContainerShould</FullName>
          <Methods>
            <Method visited="false" cyclomaticComplexity="1" nPathComplexity="0" sequenceCoverage="0" branchCoverage="0" crapScore="2" isConstructor="true" isStatic="false" isGetter="false" isSetter="false">
              <Summary numSequencePoints="3" visitedSequencePoints="0" numBranchPoints="1" visitedBranchPoints="0" sequenceCoverage="0" branchCoverage="0" maxCyclomaticComplexity="1" minCyclomaticComplexity="1" maxCrapScore="2" minCrapScore="2" visitedClasses="0" numClasses="0" visitedMethods="0" numMethods="1" />
              <MetadataToken>100663323</MetadataToken>
              <Name>System.Void Di.ContainerShould::.ctor()</Name>
              <FileRef uid="2" />
              <SequencePoints>
                <SequencePoint vc="0" uspid="51" ordinal="0" offset="0" sl="104" sc="9" el="104" ec="33" bec="0" bev="0" fileid="2" />
                <SequencePoint vc="0" uspid="52" ordinal="1" offset="7" sl="105" sc="9" el="105" ec="10" bec="0" bev="0" fileid="2" />
                <SequencePoint vc="0" uspid="53" ordinal="2" offset="8" sl="106" sc="9" el="106" ec="10" bec="0" bev="0" fileid="2" />
              </SequencePoints>
              <BranchPoints />
              <MethodPoint xsi:type="SequencePoint" vc="0" uspid="51" ordinal="0" offset="0" sl="104" sc="9" el="104" ec="33" bec="0" bev="0" fileid="2" />
            </Method>
            <Method visited="false" cyclomaticComplexity="3" nPathComplexity="2" sequenceCoverage="0" branchCoverage="0" crapScore="12" isConstructor="false" isStatic="false" isGetter="false" isSetter="false">
              <Summary numSequencePoints="10" visitedSequencePoints="0" numBranchPoints="3" visitedBranchPoints="0" sequenceCoverage="0" branchCoverage="0" maxCyclomaticComplexity="3" minCyclomaticComplexity="3" maxCrapScore="12" minCrapScore="12" visitedClasses="0" numClasses="0" visitedMethods="0" numMethods="1" />
              <MetadataToken>100663324</MetadataToken>
              <Name>System.Void Di.ContainerShould::WarmUp()</Name>
              <FileRef uid="2" />
              <SequencePoints>
                <SequencePoint vc="0" uspid="54" ordinal="0" offset="0" sl="110" sc="9" el="110" ec="10" bec="0" bev="0" fileid="2" />
                <SequencePoint vc="0" uspid="55" ordinal="1" offset="1" sl="111" sc="18" el="111" ec="27" bec="0" bev="0" fileid="2" />
                <SequencePoint vc="0" uspid="56" ordinal="2" offset="5" sl="112" sc="13" el="112" ec="14" bec="0" bev="0" fileid="2" />
                <SequencePoint vc="0" uspid="57" ordinal="3" offset="6" sl="113" sc="24" el="113" ec="59" bec="0" bev="0" fileid="2" />
                <SequencePoint vc="0" uspid="58" ordinal="4" offset="12" sl="114" sc="17" el="114" ec="18" bec="0" bev="0" fileid="2" />
                <SequencePoint vc="0" uspid="59" ordinal="5" offset="13" sl="115" sc="17" el="115" ec="18" bec="0" bev="0" fileid="2" />
                <SequencePoint vc="0" uspid="60" ordinal="6" offset="27" sl="116" sc="13" el="116" ec="14" bec="0" bev="0" fileid="2" />
                <SequencePoint vc="0" uspid="61" ordinal="7" offset="28" sl="111" sc="38" el="111" ec="41" bec="0" bev="0" fileid="2" />
                <SequencePoint vc="0" uspid="62" ordinal="8" offset="32" sl="111" sc="29" el="111" ec="36" bec="2" bev="0" fileid="2" />
                <SequencePoint vc="0" uspid="63" ordinal="9" offset="41" sl="117" sc="9" el="117" ec="10" bec="0" bev="0" fileid="2" />
              </SequencePoints>
              <BranchPoints>
                <BranchPoint vc="0" uspid="64" ordinal="0" offset="39" sl="111" path="0" offsetend="41" fileid="2" />
                <BranchPoint vc="0" uspid="65" ordinal="1" offset="39" sl="111" path="1" offsetend="5" fileid="2" />
              </BranchPoints>
              <MethodPoint xsi:type="SequencePoint" vc="0" uspid="54" ordinal="0" offset="0" sl="110" sc="9" el="110" ec="10" bec="0" bev="0" fileid="2" />
            </Method>
            <Method visited="false" cyclomaticComplexity="1" nPathComplexity="0" sequenceCoverage="0" branchCoverage="0" crapScore="2" isConstructor="false" isStatic="false" isGetter="false" isSetter="false">
              <Summary numSequencePoints="3" visitedSequencePoints="0" numBranchPoints="1" visitedBranchPoints="0" sequenceCoverage="0" branchCoverage="0" maxCyclomaticComplexity="1" minCyclomaticComplexity="1" maxCrapScore="2" minCrapScore="2" visitedClasses="0" numClasses="0" visitedMethods="0" numMethods="1" />
              <MetadataToken>100663325</MetadataToken>
              <Name>System.Void Di.ContainerShould::ReturnContainer()</Name>
              <FileRef uid="2" />
              <SequencePoints>
                <SequencePoint vc="0" uspid="66" ordinal="0" offset="0" sl="121" sc="9" el="121" ec="10" bec="0" bev="0" fileid="2" />
                <SequencePoint vc="0" uspid="67" ordinal="1" offset="1" sl="122" sc="13" el="122" ec="39" bec="0" bev="0" fileid="2" />
                <SequencePoint vc="0" uspid="68" ordinal="2" offset="12" sl="123" sc="9" el="123" ec="10" bec="0" bev="0" fileid="2" />
              </SequencePoints>
              <BranchPoints />
              <MethodPoint xsi:type="SequencePoint" vc="0" uspid="66" ordinal="0" offset="0" sl="121" sc="9" el="121" ec="10" bec="0" bev="0" fileid="2" />
            </Method>
            <Method visited="false" cyclomaticComplexity="1" nPathComplexity="0" sequenceCoverage="0" branchCoverage="0" crapScore="2" isConstructor="false" isStatic="false" isGetter="false" isSetter="false">
              <Summary numSequencePoints="3" visitedSequencePoints="0" numBranchPoints="1" visitedBranchPoints="0" sequenceCoverage="0" branchCoverage="0" maxCyclomaticComplexity="1" minCyclomaticComplexity="1" maxCrapScore="2" minCrapScore="2" visitedClasses="0" numClasses="0" visitedMethods="0" numMethods="1" />
              <MetadataToken>100663326</MetadataToken>
              <Name>System.Void Di.ContainerShould::ReturnDefaultContainer()</Name>
              <FileRef uid="2" />
              <SequencePoints>
                <SequencePoint vc="0" uspid="69" ordinal="0" offset="0" sl="127" sc="9" el="127" ec="10" bec="0" bev="0" fileid="2" />
                <SequencePoint vc="0" uspid="70" ordinal="1" offset="1" sl="128" sc="13" el="128" ec="61" bec="0" bev="0" fileid="2" />
                <SequencePoint vc="0" uspid="71" ordinal="2" offset="18" sl="129" sc="9" el="129" ec="10" bec="0" bev="0" fileid="2" />
              </SequencePoints>
              <BranchPoints />
              <MethodPoint xsi:type="SequencePoint" vc="0" uspid="69" ordinal="0" offset="0" sl="127" sc="9" el="127" ec="10" bec="0" bev="0" fileid="2" />
            </Method>
            <Method visited="false" cyclomaticComplexity="1" nPathComplexity="0" sequenceCoverage="0" branchCoverage="0" crapScore="2" isConstructor="false" isStatic="false" isGetter="false" isSetter="false">
              <Summary numSequencePoints="3" visitedSequencePoints="0" numBranchPoints="1" visitedBranchPoints="0" sequenceCoverage="0" branchCoverage="0" maxCyclomaticComplexity="1" minCyclomaticComplexity="1" maxCrapScore="2" minCrapScore="2" visitedClasses="0" numClasses="0" visitedMethods="0" numMethods="1" />
              <MetadataToken>100663327</MetadataToken>
              <Name>System.Void Di.ContainerShould::NotAddInterfacesAsSingleton()</Name>
              <FileRef uid="2" />
              <SequencePoints>
                <SequencePoint vc="0" uspid="72" ordinal="0" offset="0" sl="133" sc="9" el="133" ec="10" bec="0" bev="0" fileid="2" />
                <SequencePoint vc="0" uspid="73" ordinal="1" offset="1" sl="134" sc="13" el="134" ec="81" bec="0" bev="0" fileid="2" />
                <SequencePoint vc="0" uspid="74" ordinal="2" offset="24" sl="135" sc="9" el="135" ec="10" bec="0" bev="0" fileid="2" />
              </SequencePoints>
              <BranchPoints />
              <MethodPoint xsi:type="SequencePoint" vc="0" uspid="72" ordinal="0" offset="0" sl="133" sc="9" el="133" ec="10" bec="0" bev="0" fileid="2" />
            </Method>
            <Method visited="false" cyclomaticComplexity="1" nPathComplexity="0" sequenceCoverage="0" branchCoverage="0" crapScore="2" isConstructor="false" isStatic="false" isGetter="false" isSetter="false">
              <Summary numSequencePoints="3" visitedSequencePoints="0" numBranchPoints="1" visitedBranchPoints="0" sequenceCoverage="0" branchCoverage="0" maxCyclomaticComplexity="1" minCyclomaticComplexity="1" maxCrapScore="2" minCrapScore="2" visitedClasses="0" numClasses="0" visitedMethods="0" numMethods="1" />
              <MetadataToken>100663328</MetadataToken>
              <Name>System.Void Di.ContainerShould::NotAddAbstractAsSingleton()</Name>
              <FileRef uid="2" />
              <SequencePoints>
                <SequencePoint vc="0" uspid="75" ordinal="0" offset="0" sl="139" sc="9" el="139" ec="10" bec="0" bev="0" fileid="2" />
                <SequencePoint vc="0" uspid="76" ordinal="1" offset="1" sl="140" sc="13" el="140" ec="83" bec="0" bev="0" fileid="2" />
                <SequencePoint vc="0" uspid="77" ordinal="2" offset="24" sl="141" sc="9" el="141" ec="10" bec="0" bev="0" fileid="2" />
              </SequencePoints>
              <BranchPoints />
              <MethodPoint xsi:type="SequencePoint" vc="0" uspid="75" ordinal="0" offset="0" sl="139" sc="9" el="139" ec="10" bec="0" bev="0" fileid="2" />
            </Method>
            <Method visited="false" cyclomaticComplexity="1" nPathComplexity="0" sequenceCoverage="0" branchCoverage="0" crapScore="2" isConstructor="false" isStatic="false" isGetter="false" isSetter="false">
              <Summary numSequencePoints="3" visitedSequencePoints="0" numBranchPoints="1" visitedBranchPoints="0" sequenceCoverage="0" branchCoverage="0" maxCyclomaticComplexity="1" minCyclomaticComplexity="1" maxCrapScore="2" minCrapScore="2" visitedClasses="0" numClasses="0" visitedMethods="0" numMethods="1" />
              <MetadataToken>100663329</MetadataToken>
              <Name>System.Void Di.ContainerShould::NotResolveAbstractIfNotAddedImplementation()</Name>
              <FileRef uid="2" />
              <SequencePoints>
                <SequencePoint vc="0" uspid="78" ordinal="0" offset="0" sl="145" sc="9" el="145" ec="10" bec="0" bev="0" fileid="2" />
                <SequencePoint vc="0" uspid="79" ordinal="1" offset="1" sl="146" sc="13" el="146" ec="78" bec="0" bev="0" fileid="2" />
                <SequencePoint vc="0" uspid="80" ordinal="2" offset="24" sl="147" sc="9" el="147" ec="10" bec="0" bev="0" fileid="2" />
              </SequencePoints>
              <BranchPoints />
              <MethodPoint xsi:type="SequencePoint" vc="0" uspid="78" ordinal="0" offset="0" sl="145" sc="9" el="145" ec="10" bec="0" bev="0" fileid="2" />
            </Method>
            <Method visited="false" cyclomaticComplexity="1" nPathComplexity="0" sequenceCoverage="0" branchCoverage="0" crapScore="2" isConstructor="false" isStatic="false" isGetter="false" isSetter="false">
              <Summary numSequencePoints="3" visitedSequencePoints="0" numBranchPoints="1" visitedBranchPoints="0" sequenceCoverage="0" branchCoverage="0" maxCyclomaticComplexity="1" minCyclomaticComplexity="1" maxCrapScore="2" minCrapScore="2" visitedClasses="0" numClasses="0" visitedMethods="0" numMethods="1" />
              <MetadataToken>100663330</MetadataToken>
              <Name>System.Void Di.ContainerShould::NotResolveCircularSelfDependencies()</Name>
              <FileRef uid="2" />
              <SequencePoints>
                <SequencePoint vc="0" uspid="81" ordinal="0" offset="0" sl="151" sc="9" el="151" ec="10" bec="0" bev="0" fileid="2" />
                <SequencePoint vc="0" uspid="82" ordinal="1" offset="1" sl="152" sc="13" el="152" ec="118" bec="0" bev="0" fileid="2" />
                <SequencePoint vc="0" uspid="83" ordinal="2" offset="24" sl="153" sc="9" el="153" ec="10" bec="0" bev="0" fileid="2" />
              </SequencePoints>
              <BranchPoints />
              <MethodPoint xsi:type="SequencePoint" vc="0" uspid="81" ordinal="0" offset="0" sl="151" sc="9" el="151" ec="10" bec="0" bev="0" fileid="2" />
            </Method>
            <Method visited="false" cyclomaticComplexity="1" nPathComplexity="0" sequenceCoverage="0" branchCoverage="0" crapScore="2" isConstructor="false" isStatic="false" isGetter="false" isSetter="false">
              <Summary numSequencePoints="3" visitedSequencePoints="0" numBranchPoints="1" visitedBranchPoints="0" sequenceCoverage="0" branchCoverage="0" maxCyclomaticComplexity="1" minCyclomaticComplexity="1" maxCrapScore="2" minCrapScore="2" visitedClasses="0" numClasses="0" visitedMethods="0" numMethods="1" />
              <MetadataToken>100663331</MetadataToken>
              <Name>System.Void Di.ContainerShould::NotResolveCircularDependencies()</Name>
              <FileRef uid="2" />
              <SequencePoints>
                <SequencePoint vc="0" uspid="84" ordinal="0" offset="0" sl="157" sc="9" el="157" ec="10" bec="0" bev="0" fileid="2" />
                <SequencePoint vc="0" uspid="85" ordinal="1" offset="1" sl="158" sc="13" el="158" ec="118" bec="0" bev="0" fileid="2" />
                <SequencePoint vc="0" uspid="86" ordinal="2" offset="24" sl="159" sc="9" el="159" ec="10" bec="0" bev="0" fileid="2" />
              </SequencePoints>
              <BranchPoints />
              <MethodPoint xsi:type="SequencePoint" vc="0" uspid="84" ordinal="0" offset="0" sl="157" sc="9" el="157" ec="10" bec="0" bev="0" fileid="2" />
            </Method>
            <Method visited="false" cyclomaticComplexity="1" nPathComplexity="0" sequenceCoverage="0" branchCoverage="0" crapScore="2" isConstructor="false" isStatic="false" isGetter="false" isSetter="false">
              <Summary numSequencePoints="3" visitedSequencePoints="0" numBranchPoints="1" visitedBranchPoints="0" sequenceCoverage="0" branchCoverage="0" maxCyclomaticComplexity="1" minCyclomaticComplexity="1" maxCrapScore="2" minCrapScore="2" visitedClasses="0" numClasses="0" visitedMethods="0" numMethods="1" />
              <MetadataToken>100663332</MetadataToken>
              <Name>System.Void Di.ContainerShould::ResolveScopedDependencies()</Name>
              <FileRef uid="2" />
              <SequencePoints>
                <SequencePoint vc="0" uspid="87" ordinal="0" offset="0" sl="163" sc="9" el="163" ec="10" bec="0" bev="0" fileid="2" />
                <SequencePoint vc="0" uspid="88" ordinal="1" offset="1" sl="164" sc="13" el="164" ec="67" bec="0" bev="0" fileid="2" />
                <SequencePoint vc="0" uspid="89" ordinal="2" offset="19" sl="165" sc="9" el="165" ec="10" bec="0" bev="0" fileid="2" />
              </SequencePoints>
              <BranchPoints />
              <MethodPoint xsi:type="SequencePoint" vc="0" uspid="87" ordinal="0" offset="0" sl="163" sc="9" el="163" ec="10" bec="0" bev="0" fileid="2" />
            </Method>
            <Method visited="false" cyclomaticComplexity="1" nPathComplexity="0" sequenceCoverage="0" branchCoverage="0" crapScore="2" isConstructor="false" isStatic="false" isGetter="false" isSetter="false">
              <Summary numSequencePoints="3" visitedSequencePoints="0" numBranchPoints="1" visitedBranchPoints="0" sequenceCoverage="0" branchCoverage="0" maxCyclomaticComplexity="1" minCyclomaticComplexity="1" maxCrapScore="2" minCrapScore="2" visitedClasses="0" numClasses="0" visitedMethods="0" numMethods="1" />
              <MetadataToken>100663333</MetadataToken>
              <Name>System.Void Di.ContainerShould::NotResolveNoConstructorClasses()</Name>
              <FileRef uid="2" />
              <SequencePoints>
                <SequencePoint vc="0" uspid="90" ordinal="0" offset="0" sl="169" sc="9" el="169" ec="10" bec="0" bev="0" fileid="2" />
                <SequencePoint vc="0" uspid="91" ordinal="1" offset="1" sl="170" sc="13" el="170" ec="114" bec="0" bev="0" fileid="2" />
                <SequencePoint vc="0" uspid="92" ordinal="2" offset="24" sl="171" sc="9" el="171" ec="10" bec="0" bev="0" fileid="2" />
              </SequencePoints>
              <BranchPoints />
              <MethodPoint xsi:type="SequencePoint" vc="0" uspid="90" ordinal="0" offset="0" sl="169" sc="9" el="169" ec="10" bec="0" bev="0" fileid="2" />
            </Method>
            <Method visited="false" cyclomaticComplexity="1" nPathComplexity="0" sequenceCoverage="0" branchCoverage="0" crapScore="2" isConstructor="false" isStatic="false" isGetter="false" isSetter="false">
              <Summary numSequencePoints="3" visitedSequencePoints="0" numBranchPoints="1" visitedBranchPoints="0" sequenceCoverage="0" branchCoverage="0" maxCyclomaticComplexity="1" minCyclomaticComplexity="1" maxCrapScore="2" minCrapScore="2" visitedClasses="0" numClasses="0" visitedMethods="0" numMethods="1" />
              <MetadataToken>100663334</MetadataToken>
              <Name>System.Void Di.ContainerShould::NotResolveAnInterfaceWhichWasNotAdded()</Name>
              <FileRef uid="2" />
              <SequencePoints>
                <SequencePoint vc="0" uspid="93" ordinal="0" offset="0" sl="175" sc="9" el="175" ec="10" bec="0" bev="0" fileid="2" />
                <SequencePoint vc="0" uspid="94" ordinal="1" offset="1" sl="176" sc="13" el="176" ec="101" bec="0" bev="0" fileid="2" />
                <SequencePoint vc="0" uspid="95" ordinal="2" offset="24" sl="177" sc="9" el="177" ec="10" bec="0" bev="0" fileid="2" />
              </SequencePoints>
              <BranchPoints />
              <MethodPoint xsi:type="SequencePoint" vc="0" uspid="93" ordinal="0" offset="0" sl="175" sc="9" el="175" ec="10" bec="0" bev="0" fileid="2" />
            </Method>
            <Method visited="false" cyclomaticComplexity="1" nPathComplexity="0" sequenceCoverage="0" branchCoverage="0" crapScore="2" isConstructor="false" isStatic="false" isGetter="false" isSetter="false">
              <Summary numSequencePoints="4" visitedSequencePoints="0" numBranchPoints="1" visitedBranchPoints="0" sequenceCoverage="0" branchCoverage="0" maxCyclomaticComplexity="1" minCyclomaticComplexity="1" maxCrapScore="2" minCrapScore="2" visitedClasses="0" numClasses="0" visitedMethods="0" numMethods="1" />
              <MetadataToken>100663335</MetadataToken>
              <Name>System.Void Di.ContainerShould::ResolveSimpleClasses()</Name>
              <FileRef uid="2" />
              <SequencePoints>
                <SequencePoint vc="0" uspid="96" ordinal="0" offset="0" sl="181" sc="9" el="181" ec="10" bec="0" bev="0" fileid="2" />
                <SequencePoint vc="0" uspid="97" ordinal="1" offset="1" sl="182" sc="13" el="182" ec="69" bec="0" bev="0" fileid="2" />
                <SequencePoint vc="0" uspid="98" ordinal="2" offset="13" sl="183" sc="13" el="185" ec="84" bec="0" bev="0" fileid="2" />
                <SequencePoint vc="0" uspid="99" ordinal="3" offset="40" sl="186" sc="9" el="186" ec="10" bec="0" bev="0" fileid="2" />
              </SequencePoints>
              <BranchPoints />
              <MethodPoint xsi:type="SequencePoint" vc="0" uspid="96" ordinal="0" offset="0" sl="181" sc="9" el="181" ec="10" bec="0" bev="0" fileid="2" />
            </Method>
            <Method visited="false" cyclomaticComplexity="1" nPathComplexity="0" sequenceCoverage="0" branchCoverage="0" crapScore="2" isConstructor="false" isStatic="false" isGetter="false" isSetter="false">
              <Summary numSequencePoints="4" visitedSequencePoints="0" numBranchPoints="1" visitedBranchPoints="0" sequenceCoverage="0" branchCoverage="0" maxCyclomaticComplexity="1" minCyclomaticComplexity="1" maxCrapScore="2" minCrapScore="2" visitedClasses="0" numClasses="0" visitedMethods="0" numMethods="1" />
              <MetadataToken>100663336</MetadataToken>
              <Name>System.Void Di.ContainerShould::ResolveConstructorWithDependencyClasses()</Name>
              <FileRef uid="2" />
              <SequencePoints>
                <SequencePoint vc="0" uspid="100" ordinal="0" offset="0" sl="190" sc="9" el="190" ec="10" bec="0" bev="0" fileid="2" />
                <SequencePoint vc="0" uspid="101" ordinal="1" offset="1" sl="191" sc="13" el="191" ec="74" bec="0" bev="0" fileid="2" />
                <SequencePoint vc="0" uspid="102" ordinal="2" offset="13" sl="192" sc="13" el="194" ec="89" bec="0" bev="0" fileid="2" />
                <SequencePoint vc="0" uspid="103" ordinal="3" offset="40" sl="195" sc="9" el="195" ec="10" bec="0" bev="0" fileid="2" />
              </SequencePoints>
              <BranchPoints />
              <MethodPoint xsi:type="SequencePoint" vc="0" uspid="100" ordinal="0" offset="0" sl="190" sc="9" el="190" ec="10" bec="0" bev="0" fileid="2" />
            </Method>
            <Method visited="false" cyclomaticComplexity="1" nPathComplexity="0" sequenceCoverage="0" branchCoverage="0" crapScore="2" isConstructor="false" isStatic="false" isGetter="false" isSetter="false">
              <Summary numSequencePoints="6" visitedSequencePoints="0" numBranchPoints="1" visitedBranchPoints="0" sequenceCoverage="0" branchCoverage="0" maxCyclomaticComplexity="1" minCyclomaticComplexity="1" maxCrapScore="2" minCrapScore="2" visitedClasses="0" numClasses="0" visitedMethods="0" numMethods="1" />
              <MetadataToken>100663337</MetadataToken>
              <Name>System.Void Di.ContainerShould::AddSingletonAsInstance()</Name>
              <FileRef uid="2" />
              <SequencePoints>
                <SequencePoint vc="0" uspid="104" ordinal="0" offset="0" sl="199" sc="9" el="199" ec="10" bec="0" bev="0" fileid="2" />
                <SequencePoint vc="0" uspid="105" ordinal="1" offset="1" sl="200" sc="13" el="200" ec="41" bec="0" bev="0" fileid="2" />
                <SequencePoint vc="0" uspid="106" ordinal="2" offset="7" sl="201" sc="13" el="201" ec="37" bec="0" bev="0" fileid="2" />
                <SequencePoint vc="0" uspid="107" ordinal="3" offset="20" sl="203" sc="13" el="203" ec="50" bec="0" bev="0" fileid="2" />
                <SequencePoint vc="0" uspid="108" ordinal="4" offset="32" sl="204" sc="13" el="204" ec="50" bec="0" bev="0" fileid="2" />
                <SequencePoint vc="0" uspid="109" ordinal="5" offset="45" sl="205" sc="9" el="205" ec="10" bec="0" bev="0" fileid="2" />
              </SequencePoints>
              <BranchPoints />
              <MethodPoint xsi:type="SequencePoint" vc="0" uspid="104" ordinal="0" offset="0" sl="199" sc="9" el="199" ec="10" bec="0" bev="0" fileid="2" />
            </Method>
            <Method visited="false" cyclomaticComplexity="1" nPathComplexity="0" sequenceCoverage="0" branchCoverage="0" crapScore="2" isConstructor="false" isStatic="false" isGetter="false" isSetter="false">
              <Summary numSequencePoints="6" visitedSequencePoints="0" numBranchPoints="1" visitedBranchPoints="0" sequenceCoverage="0" branchCoverage="0" maxCyclomaticComplexity="1" minCyclomaticComplexity="1" maxCrapScore="2" minCrapScore="2" visitedClasses="0" numClasses="0" visitedMethods="0" numMethods="1" />
              <MetadataToken>100663338</MetadataToken>
              <Name>System.Void Di.ContainerShould::AddSingletonAsType()</Name>
              <FileRef uid="2" />
              <SequencePoints>
                <SequencePoint vc="0" uspid="110" ordinal="0" offset="0" sl="209" sc="9" el="209" ec="10" bec="0" bev="0" fileid="2" />
                <SequencePoint vc="0" uspid="111" ordinal="1" offset="1" sl="210" sc="13" el="210" ec="43" bec="0" bev="0" fileid="2" />
                <SequencePoint vc="0" uspid="112" ordinal="2" offset="13" sl="212" sc="13" el="212" ec="50" bec="0" bev="0" fileid="2" />
                <SequencePoint vc="0" uspid="113" ordinal="3" offset="25" sl="213" sc="13" el="213" ec="50" bec="0" bev="0" fileid="2" />
                <SequencePoint vc="0" uspid="114" ordinal="4" offset="37" sl="215" sc="13" el="215" ec="50" bec="0" bev="0" fileid="2" />
                <SequencePoint vc="0" uspid="115" ordinal="5" offset="50" sl="216" sc="9" el="216" ec="10" bec="0" bev="0" fileid="2" />
              </SequencePoints>
              <BranchPoints />
              <MethodPoint xsi:type="SequencePoint" vc="0" uspid="110" ordinal="0" offset="0" sl="209" sc="9" el="209" ec="10" bec="0" bev="0" fileid="2" />
            </Method>
            <Method visited="false" cyclomaticComplexity="1" nPathComplexity="0" sequenceCoverage="0" branchCoverage="0" crapScore="2" isConstructor="false" isStatic="false" isGetter="false" isSetter="false">
              <Summary numSequencePoints="8" visitedSequencePoints="0" numBranchPoints="1" visitedBranchPoints="0" sequenceCoverage="0" branchCoverage="0" maxCyclomaticComplexity="1" minCyclomaticComplexity="1" maxCrapScore="2" minCrapScore="2" visitedClasses="0" numClasses="0" visitedMethods="0" numMethods="1" />
              <MetadataToken>100663339</MetadataToken>
              <Name>System.Void Di.ContainerShould::AddTransientAsType()</Name>
              <FileRef uid="2" />
              <SequencePoints>
                <SequencePoint vc="0" uspid="116" ordinal="0" offset="0" sl="220" sc="9" el="220" ec="10" bec="0" bev="0" fileid="2" />
                <SequencePoint vc="0" uspid="117" ordinal="1" offset="1" sl="221" sc="13" el="221" ec="43" bec="0" bev="0" fileid="2" />
                <SequencePoint vc="0" uspid="118" ordinal="2" offset="13" sl="223" sc="13" el="223" ec="50" bec="0" bev="0" fileid="2" />
                <SequencePoint vc="0" uspid="119" ordinal="3" offset="25" sl="224" sc="13" el="224" ec="35" bec="0" bev="0" fileid="2" />
                <SequencePoint vc="0" uspid="120" ordinal="4" offset="37" sl="226" sc="13" el="226" ec="50" bec="0" bev="0" fileid="2" />
                <SequencePoint vc="0" uspid="121" ordinal="5" offset="49" sl="228" sc="13" el="228" ec="54" bec="0" bev="0" fileid="2" />
                <SequencePoint vc="0" uspid="122" ordinal="6" offset="67" sl="229" sc="13" el="229" ec="65" bec="0" bev="0" fileid="2" />
                <SequencePoint vc="0" uspid="123" ordinal="7" offset="95" sl="230" sc="9" el="230" ec="10" bec="0" bev="0" fileid="2" />
              </SequencePoints>
              <BranchPoints />
              <MethodPoint xsi:type="SequencePoint" vc="0" uspid="116" ordinal="0" offset="0" sl="220" sc="9" el="220" ec="10" bec="0" bev="0" fileid="2" />
            </Method>
            <Method visited="false" cyclomaticComplexity="1" nPathComplexity="0" sequenceCoverage="0" branchCoverage="0" crapScore="2" isConstructor="false" isStatic="false" isGetter="false" isSetter="false">
              <Summary numSequencePoints="5" visitedSequencePoints="0" numBranchPoints="1" visitedBranchPoints="0" sequenceCoverage="0" branchCoverage="0" maxCyclomaticComplexity="1" minCyclomaticComplexity="1" maxCrapScore="2" minCrapScore="2" visitedClasses="0" numClasses="0" visitedMethods="0" numMethods="1" />
              <MetadataToken>100663340</MetadataToken>
              <Name>System.Void Di.ContainerShould::AddSingletonAsInterfaceAndType()</Name>
              <FileRef uid="2" />
              <SequencePoints>
                <SequencePoint vc="0" uspid="124" ordinal="0" offset="0" sl="234" sc="9" el="234" ec="10" bec="0" bev="0" fileid="2" />
                <SequencePoint vc="0" uspid="125" ordinal="1" offset="1" sl="235" sc="13" el="235" ec="55" bec="0" bev="0" fileid="2" />
                <SequencePoint vc="0" uspid="126" ordinal="2" offset="13" sl="237" sc="13" el="237" ec="50" bec="0" bev="0" fileid="2" />
                <SequencePoint vc="0" uspid="127" ordinal="3" offset="25" sl="238" sc="13" el="238" ec="44" bec="0" bev="0" fileid="2" />
                <SequencePoint vc="0" uspid="128" ordinal="4" offset="42" sl="239" sc="9" el="239" ec="10" bec="0" bev="0" fileid="2" />
              </SequencePoints>
              <BranchPoints />
              <MethodPoint xsi:type="SequencePoint" vc="0" uspid="124" ordinal="0" offset="0" sl="234" sc="9" el="234" ec="10" bec="0" bev="0" fileid="2" />
            </Method>
            <Method visited="false" cyclomaticComplexity="1" nPathComplexity="0" sequenceCoverage="0" branchCoverage="0" crapScore="2" isConstructor="false" isStatic="false" isGetter="false" isSetter="false">
              <Summary numSequencePoints="7" visitedSequencePoints="0" numBranchPoints="1" visitedBranchPoints="0" sequenceCoverage="0" branchCoverage="0" maxCyclomaticComplexity="1" minCyclomaticComplexity="1" maxCrapScore="2" minCrapScore="2" visitedClasses="0" numClasses="0" visitedMethods="0" numMethods="1" />
              <MetadataToken>100663341</MetadataToken>
              <Name>System.Void Di.ContainerShould::AddSingletonAsInterfaceAndTypeAndInstance()</Name>
              <FileRef uid="2" />
              <SequencePoints>
                <SequencePoint vc="0" uspid="129" ordinal="0" offset="0" sl="243" sc="9" el="243" ec="10" bec="0" bev="0" fileid="2" />
                <SequencePoint vc="0" uspid="130" ordinal="1" offset="1" sl="244" sc="13" el="244" ec="41" bec="0" bev="0" fileid="2" />
                <SequencePoint vc="0" uspid="131" ordinal="2" offset="7" sl="245" sc="13" el="245" ec="60" bec="0" bev="0" fileid="2" />
                <SequencePoint vc="0" uspid="132" ordinal="3" offset="20" sl="247" sc="13" el="247" ec="51" bec="0" bev="0" fileid="2" />
                <SequencePoint vc="0" uspid="133" ordinal="4" offset="32" sl="248" sc="13" el="248" ec="45" bec="0" bev="0" fileid="2" />
                <SequencePoint vc="0" uspid="134" ordinal="5" offset="49" sl="249" sc="13" el="249" ec="50" bec="0" bev="0" fileid="2" />
                <SequencePoint vc="0" uspid="135" ordinal="6" offset="62" sl="250" sc="9" el="250" ec="10" bec="0" bev="0" fileid="2" />
              </SequencePoints>
              <BranchPoints />
              <MethodPoint xsi:type="SequencePoint" vc="0" uspid="129" ordinal="0" offset="0" sl="243" sc="9" el="243" ec="10" bec="0" bev="0" fileid="2" />
            </Method>
            <Method visited="false" cyclomaticComplexity="1" nPathComplexity="0" sequenceCoverage="0" branchCoverage="0" crapScore="2" isConstructor="false" isStatic="false" isGetter="false" isSetter="false">
              <Summary numSequencePoints="6" visitedSequencePoints="0" numBranchPoints="1" visitedBranchPoints="0" sequenceCoverage="0" branchCoverage="0" maxCyclomaticComplexity="1" minCyclomaticComplexity="1" maxCrapScore="2" minCrapScore="2" visitedClasses="0" numClasses="0" visitedMethods="0" numMethods="1" />
              <MetadataToken>100663342</MetadataToken>
              <Name>System.Void Di.ContainerShould::AddTransientAsInterfaceAndType()</Name>
              <FileRef uid="2" />
              <SequencePoints>
                <SequencePoint vc="0" uspid="136" ordinal="0" offset="0" sl="254" sc="9" el="254" ec="10" bec="0" bev="0" fileid="2" />
                <SequencePoint vc="0" uspid="137" ordinal="1" offset="1" sl="255" sc="13" el="255" ec="55" bec="0" bev="0" fileid="2" />
                <SequencePoint vc="0" uspid="138" ordinal="2" offset="13" sl="257" sc="13" el="257" ec="51" bec="0" bev="0" fileid="2" />
                <SequencePoint vc="0" uspid="139" ordinal="3" offset="25" sl="258" sc="13" el="258" ec="51" bec="0" bev="0" fileid="2" />
                <SequencePoint vc="0" uspid="140" ordinal="4" offset="37" sl="259" sc="13" el="259" ec="54" bec="0" bev="0" fileid="2" />
                <SequencePoint vc="0" uspid="141" ordinal="5" offset="55" sl="260" sc="9" el="260" ec="10" bec="0" bev="0" fileid="2" />
              </SequencePoints>
              <BranchPoints />
              <MethodPoint xsi:type="SequencePoint" vc="0" uspid="136" ordinal="0" offset="0" sl="254" sc="9" el="254" ec="10" bec="0" bev="0" fileid="2" />
            </Method>
            <Method visited="false" cyclomaticComplexity="1" nPathComplexity="0" sequenceCoverage="0" branchCoverage="0" crapScore="2" isConstructor="false" isStatic="false" isGetter="false" isSetter="false">
              <Summary numSequencePoints="3" visitedSequencePoints="0" numBranchPoints="1" visitedBranchPoints="0" sequenceCoverage="0" branchCoverage="0" maxCyclomaticComplexity="1" minCyclomaticComplexity="1" maxCrapScore="2" minCrapScore="2" visitedClasses="0" numClasses="0" visitedMethods="0" numMethods="1" />
              <MetadataToken>100663343</MetadataToken>
              <Name>System.Void Di.ContainerShould::ClearItself()</Name>
              <FileRef uid="2" />
              <SequencePoints>
                <SequencePoint vc="0" uspid="142" ordinal="0" offset="0" sl="264" sc="9" el="264" ec="10" bec="0" bev="0" fileid="2" />
                <SequencePoint vc="0" uspid="143" ordinal="1" offset="1" sl="265" sc="13" el="265" ec="25" bec="0" bev="0" fileid="2" />
                <SequencePoint vc="0" uspid="144" ordinal="2" offset="13" sl="266" sc="9" el="266" ec="10" bec="0" bev="0" fileid="2" />
              </SequencePoints>
              <BranchPoints />
              <MethodPoint xsi:type="SequencePoint" vc="0" uspid="142" ordinal="0" offset="0" sl="264" sc="9" el="264" ec="10" bec="0" bev="0" fileid="2" />
            </Method>
            <Method visited="false" cyclomaticComplexity="1" nPathComplexity="0" sequenceCoverage="0" branchCoverage="0" crapScore="2" isConstructor="false" isStatic="false" isGetter="false" isSetter="false">
              <Summary numSequencePoints="3" visitedSequencePoints="0" numBranchPoints="1" visitedBranchPoints="0" sequenceCoverage="0" branchCoverage="0" maxCyclomaticComplexity="1" minCyclomaticComplexity="1" maxCrapScore="2" minCrapScore="2" visitedClasses="0" numClasses="0" visitedMethods="0" numMethods="1" />
              <MetadataToken>100663344</MetadataToken>
              <Name>System.Void Di.ContainerShould::TearDown()</Name>
              <FileRef uid="2" />
              <SequencePoints>
                <SequencePoint vc="0" uspid="145" ordinal="0" offset="0" sl="270" sc="9" el="270" ec="10" bec="0" bev="0" fileid="2" />
                <SequencePoint vc="0" uspid="146" ordinal="1" offset="1" sl="271" sc="13" el="271" ec="27" bec="0" bev="0" fileid="2" />
                <SequencePoint vc="0" uspid="147" ordinal="2" offset="13" sl="272" sc="9" el="272" ec="10" bec="0" bev="0" fileid="2" />
              </SequencePoints>
              <BranchPoints />
              <MethodPoint xsi:type="SequencePoint" vc="0" uspid="145" ordinal="0" offset="0" sl="270" sc="9" el="270" ec="10" bec="0" bev="0" fileid="2" />
            </Method>
            <Method visited="false" cyclomaticComplexity="2" nPathComplexity="0" sequenceCoverage="0" branchCoverage="0" crapScore="6" isConstructor="false" isStatic="false" isGetter="false" isSetter="false">
              <Summary numSequencePoints="5" visitedSequencePoints="0" numBranchPoints="1" visitedBranchPoints="0" sequenceCoverage="0" branchCoverage="0" maxCyclomaticComplexity="2" minCyclomaticComplexity="2" maxCrapScore="6" minCrapScore="6" visitedClasses="0" numClasses="0" visitedMethods="0" numMethods="1" />
              <MetadataToken>100663345</MetadataToken>
              <Name>System.Void Di.ContainerShould::DisposeUsingStatement()</Name>
              <FileRef uid="2" />
              <SequencePoints>
                <SequencePoint vc="0" uspid="148" ordinal="0" offset="0" sl="276" sc="9" el="276" ec="10" bec="0" bev="0" fileid="2" />
                <SequencePoint vc="0" uspid="149" ordinal="1" offset="1" sl="277" sc="20" el="277" ec="55" bec="0" bev="0" fileid="2" />
                <SequencePoint vc="0" uspid="150" ordinal="2" offset="7" sl="278" sc="13" el="278" ec="14" bec="0" bev="0" fileid="2" />
                <SequencePoint vc="0" uspid="151" ordinal="3" offset="8" sl="279" sc="13" el="279" ec="14" bec="0" bev="0" fileid="2" />
                <SequencePoint vc="0" uspid="152" ordinal="4" offset="22" sl="280" sc="9" el="280" ec="10" bec="0" bev="0" fileid="2" />
              </SequencePoints>
              <BranchPoints />
              <MethodPoint xsi:type="SequencePoint" vc="0" uspid="148" ordinal="0" offset="0" sl="276" sc="9" el="276" ec="10" bec="0" bev="0" fileid="2" />
            </Method>
            <Method visited="false" cyclomaticComplexity="1" nPathComplexity="0" sequenceCoverage="0" branchCoverage="0" crapScore="2" isConstructor="false" isStatic="false" isGetter="false" isSetter="false">
              <Summary numSequencePoints="1" visitedSequencePoints="0" numBranchPoints="1" visitedBranchPoints="0" sequenceCoverage="0" branchCoverage="0" maxCyclomaticComplexity="1" minCyclomaticComplexity="1" maxCrapScore="2" minCrapScore="2" visitedClasses="0" numClasses="0" visitedMethods="0" numMethods="1" />
              <MetadataToken>100663346</MetadataToken>
              <Name>System.Void Di.ContainerShould::&lt;NotAddInterfacesAsSingleton&gt;b__5_0()</Name>
              <FileRef uid="2" />
              <SequencePoints>
                <SequencePoint vc="0" uspid="153" ordinal="0" offset="0" sl="134" sc="31" el="134" ec="61" bec="0" bev="0" fileid="2" />
              </SequencePoints>
              <BranchPoints />
              <MethodPoint xsi:type="SequencePoint" vc="0" uspid="153" ordinal="0" offset="0" sl="134" sc="31" el="134" ec="61" bec="0" bev="0" fileid="2" />
            </Method>
            <Method visited="false" cyclomaticComplexity="1" nPathComplexity="0" sequenceCoverage="0" branchCoverage="0" crapScore="2" isConstructor="false" isStatic="false" isGetter="false" isSetter="false">
              <Summary numSequencePoints="1" visitedSequencePoints="0" numBranchPoints="1" visitedBranchPoints="0" sequenceCoverage="0" branchCoverage="0" maxCyclomaticComplexity="1" minCyclomaticComplexity="1" maxCrapScore="2" minCrapScore="2" visitedClasses="0" numClasses="0" visitedMethods="0" numMethods="1" />
              <MetadataToken>100663347</MetadataToken>
              <Name>System.Void Di.ContainerShould::&lt;NotAddAbstractAsSingleton&gt;b__6_0()</Name>
              <FileRef uid="2" />
              <SequencePoints>
                <SequencePoint vc="0" uspid="154" ordinal="0" offset="0" sl="140" sc="31" el="140" ec="63" bec="0" bev="0" fileid="2" />
              </SequencePoints>
              <BranchPoints />
              <MethodPoint xsi:type="SequencePoint" vc="0" uspid="154" ordinal="0" offset="0" sl="140" sc="31" el="140" ec="63" bec="0" bev="0" fileid="2" />
            </Method>
            <Method visited="false" cyclomaticComplexity="1" nPathComplexity="0" sequenceCoverage="0" branchCoverage="0" crapScore="2" isConstructor="false" isStatic="false" isGetter="false" isSetter="false">
              <Summary numSequencePoints="1" visitedSequencePoints="0" numBranchPoints="1" visitedBranchPoints="0" sequenceCoverage="0" branchCoverage="0" maxCyclomaticComplexity="1" minCyclomaticComplexity="1" maxCrapScore="2" minCrapScore="2" visitedClasses="0" numClasses="0" visitedMethods="0" numMethods="1" />
              <MetadataToken>100663348</MetadataToken>
              <Name>Di.TestAbstract Di.ContainerShould::&lt;NotResolveAbstractIfNotAddedImplementation&gt;b__7_0()</Name>
              <FileRef uid="2" />
              <SequencePoints>
                <SequencePoint vc="0" uspid="155" ordinal="0" offset="0" sl="146" sc="31" el="146" ec="58" bec="0" bev="0" fileid="2" />
              </SequencePoints>
              <BranchPoints />
              <MethodPoint xsi:type="SequencePoint" vc="0" uspid="155" ordinal="0" offset="0" sl="146" sc="31" el="146" ec="58" bec="0" bev="0" fileid="2" />
            </Method>
            <Method visited="false" cyclomaticComplexity="1" nPathComplexity="0" sequenceCoverage="0" branchCoverage="0" crapScore="2" isConstructor="false" isStatic="false" isGetter="false" isSetter="false">
              <Summary numSequencePoints="1" visitedSequencePoints="0" numBranchPoints="1" visitedBranchPoints="0" sequenceCoverage="0" branchCoverage="0" maxCyclomaticComplexity="1" minCyclomaticComplexity="1" maxCrapScore="2" minCrapScore="2" visitedClasses="0" numClasses="0" visitedMethods="0" numMethods="1" />
              <MetadataToken>100663349</MetadataToken>
              <Name>Di.CircularSelfDependency Di.ContainerShould::&lt;NotResolveCircularSelfDependencies&gt;b__8_0()</Name>
              <FileRef uid="2" />
              <SequencePoints>
                <SequencePoint vc="0" uspid="156" ordinal="0" offset="0" sl="152" sc="31" el="152" ec="68" bec="0" bev="0" fileid="2" />
              </SequencePoints>
              <BranchPoints />
              <MethodPoint xsi:type="SequencePoint" vc="0" uspid="156" ordinal="0" offset="0" sl="152" sc="31" el="152" ec="68" bec="0" bev="0" fileid="2" />
            </Method>
            <Method visited="false" cyclomaticComplexity="1" nPathComplexity="0" sequenceCoverage="0" branchCoverage="0" crapScore="2" isConstructor="false" isStatic="false" isGetter="false" isSetter="false">
              <Summary numSequencePoints="1" visitedSequencePoints="0" numBranchPoints="1" visitedBranchPoints="0" sequenceCoverage="0" branchCoverage="0" maxCyclomaticComplexity="1" minCyclomaticComplexity="1" maxCrapScore="2" minCrapScore="2" visitedClasses="0" numClasses="0" visitedMethods="0" numMethods="1" />
              <MetadataToken>100663350</MetadataToken>
              <Name>Di.CircularDependencyMain Di.ContainerShould::&lt;NotResolveCircularDependencies&gt;b__9_0()</Name>
              <FileRef uid="2" />
              <SequencePoints>
                <SequencePoint vc="0" uspid="157" ordinal="0" offset="0" sl="158" sc="31" el="158" ec="68" bec="0" bev="0" fileid="2" />
              </SequencePoints>
              <BranchPoints />
              <MethodPoint xsi:type="SequencePoint" vc="0" uspid="157" ordinal="0" offset="0" sl="158" sc="31" el="158" ec="68" bec="0" bev="0" fileid="2" />
            </Method>
            <Method visited="false" cyclomaticComplexity="1" nPathComplexity="0" sequenceCoverage="0" branchCoverage="0" crapScore="2" isConstructor="false" isStatic="false" isGetter="false" isSetter="false">
              <Summary numSequencePoints="1" visitedSequencePoints="0" numBranchPoints="1" visitedBranchPoints="0" sequenceCoverage="0" branchCoverage="0" maxCyclomaticComplexity="1" minCyclomaticComplexity="1" maxCrapScore="2" minCrapScore="2" visitedClasses="0" numClasses="0" visitedMethods="0" numMethods="1" />
              <MetadataToken>100663351</MetadataToken>
              <Name>System.Void Di.ContainerShould::&lt;ResolveScopedDependencies&gt;b__10_0()</Name>
              <FileRef uid="2" />
              <SequencePoints>
                <SequencePoint vc="0" uspid="158" ordinal="0" offset="0" sl="164" sc="39" el="164" ec="65" bec="0" bev="0" fileid="2" />
              </SequencePoints>
              <BranchPoints />
              <MethodPoint xsi:type="SequencePoint" vc="0" uspid="158" ordinal="0" offset="0" sl="164" sc="39" el="164" ec="65" bec="0" bev="0" fileid="2" />
            </Method>
            <Method visited="false" cyclomaticComplexity="1" nPathComplexity="0" sequenceCoverage="0" branchCoverage="0" crapScore="2" isConstructor="false" isStatic="false" isGetter="false" isSetter="false">
              <Summary numSequencePoints="1" visitedSequencePoints="0" numBranchPoints="1" visitedBranchPoints="0" sequenceCoverage="0" branchCoverage="0" maxCyclomaticComplexity="1" minCyclomaticComplexity="1" maxCrapScore="2" minCrapScore="2" visitedClasses="0" numClasses="0" visitedMethods="0" numMethods="1" />
              <MetadataToken>100663352</MetadataToken>
              <Name>Di.NoConstructorClass Di.ContainerShould::&lt;NotResolveNoConstructorClasses&gt;b__11_0()</Name>
              <FileRef uid="2" />
              <SequencePoints>
                <SequencePoint vc="0" uspid="159" ordinal="0" offset="0" sl="170" sc="31" el="170" ec="64" bec="0" bev="0" fileid="2" />
              </SequencePoints>
              <BranchPoints />
[...]
              <MetadataToken>100663479</MetadataToken>
              <Name>System.Void Onbox.Core.V5.Http.HttpService/&lt;PatchAsync&gt;d__20`1::MoveNext()</Name>
              <FileRef uid="55" />
              <SequencePoints>
                <SequencePoint vc="0" uspid="1098" ordinal="0" offset="15" sl="294" sc="9" el="294" ec="10" bec="0" bev="0" fileid="55" />
                <SequencePoint vc="0" uspid="1099" ordinal="1" offset="16" sl="295" sc="13" el="295" ec="38" bec="0" bev="0" fileid="55" />
                <SequencePoint vc="0" uspid="1100" ordinal="2" offset="28" sl="296" sc="13" el="296" ec="41" bec="0" bev="0" fileid="55" />
                <SequencePoint vc="0" uspid="1101" ordinal="3" offset="46" sl="298" sc="13" el="298" ec="63" bec="0" bev="0" fileid="55" />
                <SequencePoint vc="0" uspid="1102" ordinal="4" offset="74" sl="299" sc="20" el="299" ec="99" bec="4" bev="0" fileid="55" />
                <SequencePoint vc="0" uspid="1103" ordinal="5" offset="137" sl="300" sc="13" el="300" ec="14" bec="0" bev="0" fileid="55" />
                <SequencePoint vc="0" uspid="1104" ordinal="6" offset="138" sl="302" sc="17" el="302" ec="54" bec="0" bev="0" fileid="55" />
                <SequencePoint vc="0" uspid="1105" ordinal="7" offset="154" sl="303" sc="17" el="306" ec="19" bec="0" bev="0" fileid="55" />
                <SequencePoint vc="0" uspid="1106" ordinal="8" offset="190" sl="308" sc="17" el="308" ec="74" bec="0" bev="0" fileid="55" />
                <SequencePoint vc="0" uspid="1107" ordinal="9" offset="201" sl="309" sc="17" el="309" ec="65" bec="0" bev="0" fileid="55" />
                <SequencePoint vc="0" uspid="1108" ordinal="10" offset="337" sl="311" sc="17" el="311" ec="47" bec="0" bev="0" fileid="55" />
                <SequencePoint vc="0" uspid="1109" ordinal="11" offset="447" sl="313" sc="17" el="313" ec="71" bec="0" bev="0" fileid="55" />
                <SequencePoint vc="0" uspid="1110" ordinal="12" offset="580" sl="314" sc="17" el="314" ec="54" bec="2" bev="0" fileid="55" />
                <SequencePoint vc="0" uspid="1111" ordinal="13" offset="600" sl="315" sc="17" el="315" ec="18" bec="0" bev="0" fileid="55" />
                <SequencePoint vc="0" uspid="1112" ordinal="14" offset="601" sl="316" sc="21" el="316" ec="64" bec="0" bev="0" fileid="55" />
                <SequencePoint vc="0" uspid="1114" ordinal="16" offset="684" sl="320" sc="13" el="320" ec="25" bec="0" bev="0" fileid="55" />
              </SequencePoints>
              <BranchPoints>
                <BranchPoint vc="0" uspid="1118" ordinal="2" offset="103" sl="299" path="0" offsetchain="120" offsetend="137" fileid="55" />
                <BranchPoint vc="0" uspid="1119" ordinal="3" offset="103" sl="299" path="1" offsetchain="122" offsetend="277" fileid="55" />
                <BranchPoint vc="0" uspid="1120" ordinal="4" offset="103" sl="299" path="2" offsetchain="127" offsetend="410" fileid="55" />
                <BranchPoint vc="0" uspid="1121" ordinal="5" offset="103" sl="299" path="3" offsetchain="132" offsetend="519" fileid="55" />
                <BranchPoint vc="0" uspid="1128" ordinal="12" offset="598" sl="314" path="0" offsetend="600" fileid="55" />
                <BranchPoint vc="0" uspid="1129" ordinal="13" offset="598" sl="314" path="1" offsetend="621" fileid="55" />
              </BranchPoints>
              <MethodPoint vc="0" uspid="1130" ordinal="0" offset="0" />
            </Method>
            <Method visited="false" cyclomaticComplexity="1" nPathComplexity="0" sequenceCoverage="0" branchCoverage="0" crapScore="2" isConstructor="false" isStatic="false" isGetter="false" isSetter="false">
              <Summary numSequencePoints="0" visitedSequencePoints="0" numBranchPoints="0" visitedBranchPoints="0" sequenceCoverage="0" branchCoverage="0" maxCyclomaticComplexity="1" minCyclomaticComplexity="1" maxCrapScore="2" minCrapScore="2" visitedClasses="0" numClasses="0" visitedMethods="0" numMethods="0" />
              <MetadataToken>100663480</MetadataToken>
              <Name>System.Void Onbox.Core.V5.Http.HttpService/&lt;PatchAsync&gt;d__20`1::SetStateMachine(System.Runtime.CompilerServices.IAsyncStateMachine)</Name>
              <SequencePoints />
              <BranchPoints />
              <MethodPoint vc="0" uspid="1131" ordinal="0" offset="0" />
            </Method>
          </Methods>
        </Class>
        <Class>
          <Summary numSequencePoints="11" visitedSequencePoints="0" numBranchPoints="5" visitedBranchPoints="0" sequenceCoverage="0" branchCoverage="0" maxCyclomaticComplexity="8" minCyclomaticComplexity="1" maxCrapScore="72" minCrapScore="2" visitedClasses="0" numClasses="1" visitedMethods="0" numMethods="1" />
          <FullName>Onbox.Core.V5.Http.HttpService/&lt;PatchAsync&gt;d__21</FullName>
          <Methods>
            <Method visited="false" cyclomaticComplexity="1" nPathComplexity="0" sequenceCoverage="0" branchCoverage="0" crapScore="2" isConstructor="true" isStatic="false" isGetter="false" isSetter="false">
              <Summary numSequencePoints="0" visitedSequencePoints="0" numBranchPoints="0" visitedBranchPoints="0" sequenceCoverage="0" branchCoverage="0" maxCyclomaticComplexity="1" minCyclomaticComplexity="1" maxCrapScore="2" minCrapScore="2" visitedClasses="0" numClasses="0" visitedMethods="0" numMethods="0" />
              <MetadataToken>100663481</MetadataToken>
              <Name>System.Void Onbox.Core.V5.Http.HttpService/&lt;PatchAsync&gt;d__21::.ctor()</Name>
              <SequencePoints />
              <BranchPoints />
              <MethodPoint vc="0" uspid="1132" ordinal="0" offset="0" />
            </Method>
            <Method visited="false" cyclomaticComplexity="8" nPathComplexity="4" sequenceCoverage="0" branchCoverage="0" crapScore="72" isConstructor="false" isStatic="false" isGetter="false" isSetter="false">
              <Summary numSequencePoints="11" visitedSequencePoints="0" numBranchPoints="5" visitedBranchPoints="0" sequenceCoverage="0" branchCoverage="0" maxCyclomaticComplexity="8" minCyclomaticComplexity="8" maxCrapScore="72" minCrapScore="72" visitedClasses="0" numClasses="0" visitedMethods="0" numMethods="1" />
              <MetadataToken>100663482</MetadataToken>
              <Name>System.Void Onbox.Core.V5.Http.HttpService/&lt;PatchAsync&gt;d__21::MoveNext()</Name>
              <FileRef uid="55" />
              <SequencePoints>
                <SequencePoint vc="0" uspid="1133" ordinal="0" offset="15" sl="324" sc="9" el="324" ec="10" bec="0" bev="0" fileid="55" />
                <SequencePoint vc="0" uspid="1134" ordinal="1" offset="16" sl="325" sc="13" el="325" ec="38" bec="0" bev="0" fileid="55" />
                <SequencePoint vc="0" uspid="1135" ordinal="2" offset="28" sl="326" sc="13" el="326" ec="41" bec="0" bev="0" fileid="55" />
                <SequencePoint vc="0" uspid="1136" ordinal="3" offset="46" sl="328" sc="13" el="328" ec="63" bec="0" bev="0" fileid="55" />
                <SequencePoint vc="0" uspid="1137" ordinal="4" offset="74" sl="329" sc="20" el="329" ec="99" bec="4" bev="0" fileid="55" />
                <SequencePoint vc="0" uspid="1138" ordinal="5" offset="123" sl="330" sc="13" el="330" ec="14" bec="0" bev="0" fileid="55" />
                <SequencePoint vc="0" uspid="1139" ordinal="6" offset="124" sl="331" sc="17" el="331" ec="54" bec="0" bev="0" fileid="55" />
                <SequencePoint vc="0" uspid="1140" ordinal="7" offset="140" sl="332" sc="17" el="335" ec="19" bec="0" bev="0" fileid="55" />
                <SequencePoint vc="0" uspid="1141" ordinal="8" offset="176" sl="337" sc="17" el="337" ec="74" bec="0" bev="0" fileid="55" />
                <SequencePoint vc="0" uspid="1142" ordinal="9" offset="187" sl="338" sc="17" el="338" ec="65" bec="0" bev="0" fileid="55" />
                <SequencePoint vc="0" uspid="1143" ordinal="10" offset="323" sl="340" sc="17" el="340" ec="47" bec="0" bev="0" fileid="55" />
              </SequencePoints>
              <BranchPoints>
                <BranchPoint vc="0" uspid="1146" ordinal="0" offset="103" sl="329" path="0" offsetchain="105" offsetend="107" fileid="55" />
                <BranchPoint vc="0" uspid="1147" ordinal="1" offset="103" sl="329" path="1" offsetchain="113" offsetend="263" fileid="55" />
                <BranchPoint vc="0" uspid="1148" ordinal="2" offset="109" sl="329" path="0" offsetchain="111" offsetend="123" fileid="55" />
                <BranchPoint vc="0" uspid="1149" ordinal="3" offset="109" sl="329" path="1" offsetchain="118" offsetend="394" fileid="55" />
              </BranchPoints>
              <MethodPoint vc="0" uspid="1154" ordinal="0" offset="0" />
            </Method>
            <Method visited="false" cyclomaticComplexity="1" nPathComplexity="0" sequenceCoverage="0" branchCoverage="0" crapScore="2" isConstructor="false" isStatic="false" isGetter="false" isSetter="false">
              <Summary numSequencePoints="0" visitedSequencePoints="0" numBranchPoints="0" visitedBranchPoints="0" sequenceCoverage="0" branchCoverage="0" maxCyclomaticComplexity="1" minCyclomaticComplexity="1" maxCrapScore="2" minCrapScore="2" visitedClasses="0" numClasses="0" visitedMethods="0" numMethods="0" />
              <MetadataToken>100663483</MetadataToken>
              <Name>System.Void Onbox.Core.V5.Http.HttpService/&lt;PatchAsync&gt;d__21::SetStateMachine(System.Runtime.CompilerServices.IAsyncStateMachine)</Name>
              <SequencePoints />
              <BranchPoints />
              <MethodPoint vc="0" uspid="1155" ordinal="0" offset="0" />
            </Method>
          </Methods>
        </Class>
        <Class>
          <Summary numSequencePoints="13" visitedSequencePoints="0" numBranchPoints="13" visitedBranchPoints="0" sequenceCoverage="0" branchCoverage="0" maxCyclomaticComplexity="12" minCyclomaticComplexity="1" maxCrapScore="156" minCrapScore="2" visitedClasses="0" numClasses="1" visitedMethods="0" numMethods="1" />
          <FullName>Onbox.Core.V5.Http.HttpService/&lt;EnsureSuccess&gt;d__27</FullName>
          <Methods>
            <Method visited="false" cyclomaticComplexity="1" nPathComplexity="0" sequenceCoverage="0" branchCoverage="0" crapScore="2" isConstructor="true" isStatic="false" isGetter="false" isSetter="false">
              <Summary numSequencePoints="0" visitedSequencePoints="0" numBranchPoints="0" visitedBranchPoints="0" sequenceCoverage="0" branchCoverage="0" maxCyclomaticComplexity="1" minCyclomaticComplexity="1" maxCrapScore="2" minCrapScore="2" visitedClasses="0" numClasses="0" visitedMethods="0" numMethods="0" />
              <MetadataToken>100663484</MetadataToken>
              <Name>System.Void Onbox.Core.V5.Http.HttpService/&lt;EnsureSuccess&gt;d__27::.ctor()</Name>
              <SequencePoints />
              <BranchPoints />
              <MethodPoint vc="0" uspid="1156" ordinal="0" offset="0" />
            </Method>
            <Method visited="false" cyclomaticComplexity="12" nPathComplexity="64" sequenceCoverage="0" branchCoverage="0" crapScore="156" isConstructor="false" isStatic="false" isGetter="false" isSetter="false">
              <Summary numSequencePoints="13" visitedSequencePoints="0" numBranchPoints="13" visitedBranchPoints="0" sequenceCoverage="0" branchCoverage="0" maxCyclomaticComplexity="12" minCyclomaticComplexity="12" maxCrapScore="156" minCrapScore="156" visitedClasses="0" numClasses="0" visitedMethods="0" numMethods="1" />
              <MetadataToken>100663485</MetadataToken>
              <Name>System.Void Onbox.Core.V5.Http.HttpService/&lt;EnsureSuccess&gt;d__27::MoveNext()</Name>
              <FileRef uid="55" />
              <SequencePoints>
                <SequencePoint vc="0" uspid="1157" ordinal="0" offset="15" sl="402" sc="9" el="402" ec="10" bec="0" bev="0" fileid="55" />
                <SequencePoint vc="0" uspid="1158" ordinal="1" offset="16" sl="403" sc="13" el="403" ec="34" bec="2" bev="0" fileid="55" />
                <SequencePoint vc="0" uspid="1159" ordinal="2" offset="29" sl="403" sc="35" el="403" ec="80" bec="0" bev="0" fileid="55" />
                <SequencePoint vc="0" uspid="1160" ordinal="3" offset="40" sl="405" sc="13" el="405" ec="46" bec="2" bev="0" fileid="55" />
                <SequencePoint vc="0" uspid="1161" ordinal="4" offset="55" sl="406" sc="13" el="406" ec="14" bec="0" bev="0" fileid="55" />
                <SequencePoint vc="0" uspid="1162" ordinal="5" offset="56" sl="407" sc="17" el="407" ec="24" bec="4" bev="0" fileid="55" />
                <SequencePoint vc="0" uspid="1163" ordinal="6" offset="80" sl="412" sc="13" el="412" ec="14" bec="0" bev="0" fileid="55" />
                <SequencePoint vc="0" uspid="1164" ordinal="7" offset="81" sl="413" sc="17" el="413" ec="96" bec="4" bev="0" fileid="55" />
                <SequencePoint vc="0" uspid="1165" ordinal="8" offset="231" sl="414" sc="17" el="414" ec="125" bec="0" bev="0" fileid="55" />
                <SequencePoint vc="0" uspid="1166" ordinal="9" offset="399" sl="415" sc="13" el="415" ec="14" bec="0" bev="0" fileid="55" />
                <SequencePoint vc="0" uspid="1167" ordinal="10" offset="409" sl="416" sc="13" el="416" ec="18" bec="0" bev="0" fileid="55" />
                <SequencePoint vc="0" uspid="1168" ordinal="11" offset="410" sl="417" sc="13" el="417" ec="14" bec="0" bev="0" fileid="55" />
                <SequencePoint vc="0" uspid="1170" ordinal="13" offset="414" sl="420" sc="13" el="420" ec="103" bec="0" bev="0" fileid="55" />
              </SequencePoints>
              <BranchPoints>
                <BranchPoint vc="0" uspid="1172" ordinal="0" offset="27" sl="403" path="0" offsetend="29" fileid="55" />
                <BranchPoint vc="0" uspid="1173" ordinal="1" offset="27" sl="403" path="1" offsetend="40" fileid="55" />
                <BranchPoint vc="0" uspid="1174" ordinal="2" offset="53" sl="405" path="0" offsetend="55" fileid="55" />
                <BranchPoint vc="0" uspid="1175" ordinal="3" offset="53" sl="405" path="1" offsetend="61" fileid="55" />
                <BranchPoint vc="0" uspid="1176" ordinal="4" offset="63" sl="407" path="0" offsetchain="65" offsetend="67" fileid="55" />
                <BranchPoint vc="0" uspid="1177" ordinal="5" offset="63" sl="407" path="1" offsetchain="73" offsetend="171" fileid="55" />
                <BranchPoint vc="0" uspid="1178" ordinal="6" offset="69" sl="407" path="0" offsetchain="71" offsetend="80" fileid="55" />
                <BranchPoint vc="0" uspid="1179" ordinal="7" offset="69" sl="407" path="1" offsetchain="75" offsetend="362" fileid="55" />
                <BranchPoint vc="0" uspid="1180" ordinal="8" offset="93" sl="413" path="0" offsetend="95" fileid="55" />
                <BranchPoint vc="0" uspid="1181" ordinal="9" offset="93" sl="413" path="1" offsetend="99" fileid="55" />
                <BranchPoint vc="0" uspid="1182" ordinal="10" offset="105" sl="413" path="0" offsetend="107" fileid="55" />
                <BranchPoint vc="0" uspid="1183" ordinal="11" offset="105" sl="413" path="1" offsetend="111" fileid="55" />
              </BranchPoints>
              <MethodPoint vc="0" uspid="1188" ordinal="0" offset="0" />
            </Method>
            <Method visited="false" cyclomaticComplexity="1" nPathComplexity="0" sequenceCoverage="0" branchCoverage="0" crapScore="2" isConstructor="false" isStatic="false" isGetter="false" isSetter="false">
              <Summary numSequencePoints="0" visitedSequencePoints="0" numBranchPoints="0" visitedBranchPoints="0" sequenceCoverage="0" branchCoverage="0" maxCyclomaticComplexity="1" minCyclomaticComplexity="1" maxCrapScore="2" minCrapScore="2" visitedClasses="0" numClasses="0" visitedMethods="0" numMethods="0" />
              <MetadataToken>100663486</MetadataToken>
              <Name>System.Void Onbox.Core.V5.Http.HttpService/&lt;EnsureSuccess&gt;d__27::SetStateMachine(System.Runtime.CompilerServices.IAsyncStateMachine)</Name>
              <SequencePoints />
              <BranchPoints />
              <MethodPoint vc="0" uspid="1189" ordinal="0" offset="0" />
            </Method>
          </Methods>
        </Class>
        <Class>
          <Summary numSequencePoints="1" visitedSequencePoints="0" numBranchPoints="1" visitedBranchPoints="0" sequenceCoverage="0" branchCoverage="0" maxCyclomaticComplexity="1" minCyclomaticComplexity="1" maxCrapScore="2" minCrapScore="2" visitedClasses="0" numClasses="1" visitedMethods="0" numMethods="1" />
          <FullName>Onbox.Core.V5.Http.HttpSettings</FullName>
          <Methods>
            <Method skippedDueTo="AutoImplementedProperty" visited="false" cyclomaticComplexity="1" nPathComplexity="0" sequenceCoverage="0" branchCoverage="0" crapScore="0" isConstructor="false" isStatic="false" isGetter="true" isSetter="false">
              <MetadataToken>100663407</MetadataToken>
              <Name>System.Int32 Onbox.Core.V5.Http.HttpSettings::get_Timeout()</Name>
              <FileRef uid="74" />
              <SequencePoints />
              <BranchPoints />
            </Method>
            <Method skippedDueTo="AutoImplementedProperty" visited="false" cyclomaticComplexity="1" nPathComplexity="0" sequenceCoverage="0" branchCoverage="0" crapScore="0" isConstructor="false" isStatic="false" isGetter="false" isSetter="true">
              <MetadataToken>100663408</MetadataToken>
              <Name>System.Void Onbox.Core.V5.Http.HttpSettings::set_Timeout(System.Int32)</Name>
              <FileRef uid="74" />
              <SequencePoints />
              <BranchPoints />
            </Method>
            <Method skippedDueTo="AutoImplementedProperty" visited="false" cyclomaticComplexity="1" nPathComplexity="0" sequenceCoverage="0" branchCoverage="0" crapScore="0" isConstructor="false" isStatic="false" isGetter="true" isSetter="false">
              <MetadataToken>100663409</MetadataToken>
              <Name>System.Boolean Onbox.Core.V5.Http.HttpSettings::get_AllowCache()</Name>
              <FileRef uid="74" />
              <SequencePoints />
              <BranchPoints />
            </Method>
            <Method skippedDueTo="AutoImplementedProperty" visited="false" cyclomaticComplexity="1" nPathComplexity="0" sequenceCoverage="0" branchCoverage="0" crapScore="0" isConstructor="false" isStatic="false" isGetter="false" isSetter="true">
              <MetadataToken>100663410</MetadataToken>
              <Name>System.Void Onbox.Core.V5.Http.HttpSettings::set_AllowCache(System.Boolean)</Name>
              <FileRef uid="74" />
              <SequencePoints />
              <BranchPoints />
            </Method>
            <Method visited="false" cyclomaticComplexity="1" nPathComplexity="0" sequenceCoverage="0" branchCoverage="0" crapScore="2" isConstructor="true" isStatic="false" isGetter="false" isSetter="false">
              <Summary numSequencePoints="1" visitedSequencePoints="0" numBranchPoints="1" visitedBranchPoints="0" sequenceCoverage="0" branchCoverage="0" maxCyclomaticComplexity="1" minCyclomaticComplexity="1" maxCrapScore="2" minCrapScore="2" visitedClasses="0" numClasses="0" visitedMethods="0" numMethods="1" />
              <MetadataToken>100663411</MetadataToken>
              <Name>System.Void Onbox.Core.V5.Http.HttpSettings::.ctor()</Name>
              <FileRef uid="74" />
              <SequencePoints>
                <SequencePoint vc="0" uspid="1190" ordinal="0" offset="0" sl="14" sc="44" el="14" ec="48" bec="0" bev="0" fileid="74" />
              </SequencePoints>
              <BranchPoints />
              <MethodPoint xsi:type="SequencePoint" vc="0" uspid="1190" ordinal="0" offset="0" sl="14" sc="44" el="14" ec="48" bec="0" bev="0" fileid="74" />
            </Method>
          </Methods>
        </Class>
      </Classes>
      <TrackedMethods />
    </Module>
  </Modules>
</CoverageSession>